0 verbose cli C:\Program Files\nodejs\node.exe C:\Program Files\nodejs\node_modules\npm\bin\npm-cli.js
1 info using npm@11.3.0
2 info using node@v24.2.0
3 silly config load:file:C:\Program Files\nodejs\node_modules\npm\npmrc
4 silly config load:file:F:\ehb next.js 04\.npmrc
5 silly config load:file:C:\Users\PC\.npmrc
6 silly config load:file:C:\Users\PC\AppData\Roaming\npm\etc\npmrc
7 verbose title npm install @radix-ui/react-dropdown-menu
8 verbose argv "install" "@radix-ui/react-dropdown-menu"
9 verbose logfile logs-max:10 dir:F:\ehb next.js 04\.npm-cache\_logs\2025-06-20T18_27_07_111Z-
10 verbose logfile F:\ehb next.js 04\.npm-cache\_logs\2025-06-20T18_27_07_111Z-debug-0.log
11 silly logfile start cleaning logs, removing 1 files
12 silly logfile done cleaning log files
13 silly packumentCache heap:4496293888 maxSize:1124073472 maxEntrySize:562036736
14 silly idealTree buildDeps
15 silly fetch manifest @radix-ui/react-dropdown-menu@^2.1.15
16 silly packumentCache full:https://registry.npmjs.org/@radix-ui%2freact-dropdown-menu cache-miss
17 http fetch GET 200 https://registry.npmjs.org/@radix-ui%2freact-dropdown-menu 1485ms (cache miss)
18 silly packumentCache full:https://registry.npmjs.org/@radix-ui%2freact-dropdown-menu set size:undefined disposed:false
19 silly placeDep ROOT @radix-ui/react-dropdown-menu@2.1.15 REPLACE for: ehb-next-js-04@1.0.0 want: ^2.1.15
20 silly reify moves {}
21 verbose cwd F:\ehb next.js 04
22 verbose os Windows_NT 10.0.26100
23 verbose node v24.2.0
24 verbose npm  v11.3.0
25 verbose exit 0
26 info ok
