0 verbose cli C:\Program Files\nodejs\node.exe C:\Users\PC\AppData\Roaming\npm\node_modules\npm\bin\npm-cli.js
1 info using npm@11.4.2
2 info using node@v24.2.0
3 silly config load:file:C:\Users\PC\AppData\Roaming\npm\node_modules\npm\npmrc
4 silly config load:file:F:\ehb next.js 04\.npmrc
5 silly config load:file:C:\Users\PC\.npmrc
6 silly config load:file:C:\Users\PC\AppData\Roaming\npm\etc\npmrc
7 verbose title npm search speech-to-text
8 verbose argv "search" "speech-to-text"
9 verbose logfile logs-max:10 dir:F:\ehb next.js 04\.npm-cache\_logs\2025-06-27T19_13_09_788Z-
10 verbose logfile F:\ehb next.js 04\.npm-cache\_logs\2025-06-27T19_13_09_788Z-debug-0.log
11 silly logfile start cleaning logs, removing 1 files
12 silly search searching packages
13 silly logfile done cleaning log files
14 http fetch GET 200 https://registry.npmjs.org/-/v1/search?text=speech-to-text&size=20&from=0&quality=0.65&popularity=0.98&maintenance=0.5 2324ms (cache miss)
15 silly search search completed
16 verbose cwd F:\ehb next.js 04
17 verbose os Windows_NT 10.0.26100
18 verbose node v24.2.0
19 verbose npm  v11.4.2
20 verbose exit 0
21 info ok
