0 verbose cli C:\Program Files\nodejs\node.exe C:\Users\PC\AppData\Roaming\npm\node_modules\npm\bin\npm-cli.js
1 info using npm@11.4.2
2 info using node@v24.2.0
3 silly config load:file:C:\Users\PC\AppData\Roaming\npm\node_modules\npm\npmrc
4 silly config load:file:F:\ehb next.js 04\.npmrc
5 silly config load:file:C:\Users\PC\.npmrc
6 silly config load:file:C:\Users\PC\AppData\Roaming\npm\etc\npmrc
7 verbose title npm exec lint-staged
8 verbose argv "exec" "--" "lint-staged"
9 verbose logfile logs-max:10 dir:F:\ehb next.js 04\.npm-cache\_logs\2025-06-24T09_55_51_028Z-
10 verbose logfile F:\ehb next.js 04\.npm-cache\_logs\2025-06-24T09_55_51_028Z-debug-0.log
11 silly logfile start cleaning logs, removing 1 files
12 silly logfile done cleaning log files
13 silly packumentCache heap:4496293888 maxSize:1124073472 maxEntrySize:562036736
14 verbose shrinkwrap failed to load node_modules/.package-lock.json out of date, updated: node_modules
15 http fetch GET 200 https://registry.npmjs.org/lint-staged 13ms (cache stale)
16 silly packumentCache heap:4496293888 maxSize:1124073472 maxEntrySize:562036736
17 silly packumentCache heap:4496293888 maxSize:1124073472 maxEntrySize:562036736
18 verbose stack Error: Could not read package.json: Error: ENOENT: no such file or directory, open 'F:\ehb next.js 04\.npm-cache\_npx\8facc973fbdb1091\package.json'
18 verbose stack     at async open (node:internal/fs/promises:640:25)
18 verbose stack     at async readFile (node:internal/fs/promises:1244:14)
18 verbose stack     at async read (C:\Users\PC\AppData\Roaming\npm\node_modules\npm\node_modules\@npmcli\package-json\lib\read-package.js:9:18)
18 verbose stack     at async PackageJson.load (C:\Users\PC\AppData\Roaming\npm\node_modules\npm\node_modules\@npmcli\package-json\lib\index.js:132:31)
18 verbose stack     at async exec (C:\Users\PC\AppData\Roaming\npm\node_modules\npm\node_modules\libnpmexec\lib\index.js:300:21)
18 verbose stack     at async Npm.exec (C:\Users\PC\AppData\Roaming\npm\node_modules\npm\lib\npm.js:208:9)
18 verbose stack     at async module.exports (C:\Users\PC\AppData\Roaming\npm\node_modules\npm\lib\cli\entry.js:67:5)
19 error code ENOENT
20 error syscall open
21 error path F:\ehb next.js 04\.npm-cache\_npx\8facc973fbdb1091\package.json
22 error errno -4058
23 error enoent Could not read package.json: Error: ENOENT: no such file or directory, open 'F:\ehb next.js 04\.npm-cache\_npx\8facc973fbdb1091\package.json'
24 error enoent This is related to npm not being able to find a file.
24 error enoent
25 verbose cwd F:\ehb next.js 04
26 verbose os Windows_NT 10.0.26100
27 verbose node v24.2.0
28 verbose npm  v11.4.2
29 verbose exit -4058
30 verbose code -4058
31 error A complete log of this run can be found in: F:\ehb next.js 04\.npm-cache\_logs\2025-06-24T09_55_51_028Z-debug-0.log
