0 verbose cli C:\Program Files\nodejs\node.exe C:\Users\PC\AppData\Roaming\npm\node_modules\npm\bin\npm-cli.js
1 info using npm@11.4.2
2 info using node@v24.2.0
3 silly config load:file:C:\Users\PC\AppData\Roaming\npm\node_modules\npm\npmrc
4 silly config load:file:F:\ehb next.js 04\.npmrc
5 silly config load:file:C:\Users\PC\.npmrc
6 silly config load:file:C:\Users\PC\AppData\Roaming\npm\etc\npmrc
7 verbose title npm install react-loading-skeleton
8 verbose argv "install" "react-loading-skeleton"
9 verbose logfile logs-max:10 dir:F:\ehb next.js 04\.npm-cache\_logs\2025-06-30T11_41_00_487Z-
10 verbose logfile F:\ehb next.js 04\.npm-cache\_logs\2025-06-30T11_41_00_487Z-debug-0.log
11 silly logfile start cleaning logs, removing 1 files
12 silly packumentCache heap:4496293888 maxSize:1124073472 maxEntrySize:562036736
13 silly logfile done cleaning log files
14 silly idealTree buildDeps
15 silly fetch manifest react-loading-skeleton@*
16 silly packumentCache full:https://registry.npmjs.org/react-loading-skeleton cache-miss
17 http fetch GET 200 https://registry.npmjs.org/react-loading-skeleton 785ms (cache miss)
18 silly packumentCache full:https://registry.npmjs.org/react-loading-skeleton set size:undefined disposed:false
19 silly placeDep ROOT react-loading-skeleton@3.5.0 OK for: ehb-next-js-frontend-clean@1.0.0 want: *
20 silly reify moves {}
21 http cache react-loading-skeleton@https://registry.npmjs.org/react-loading-skeleton/-/react-loading-skeleton-3.5.0.tgz 1ms (cache hit)
22 silly tarball no local data for react-loading-skeleton@https://registry.npmjs.org/react-loading-skeleton/-/react-loading-skeleton-3.5.0.tgz. Extracting by manifest.
23 http fetch GET 200 https://registry.npmjs.org/react-loading-skeleton/-/react-loading-skeleton-3.5.0.tgz 169ms (cache miss)
24 silly ADD node_modules/react-loading-skeleton
25 verbose cwd F:\ehb next.js 04
26 verbose os Windows_NT 10.0.26100
27 verbose node v24.2.0
28 verbose npm  v11.4.2
29 verbose exit 0
30 info ok
