0 verbose cli C:\Program Files\nodejs\node.exe C:\Users\PC\AppData\Roaming\npm\node_modules\npm\bin\npm-cli.js
1 info using npm@11.4.2
2 info using node@v24.2.0
3 silly config load:file:C:\Users\PC\AppData\Roaming\npm\node_modules\npm\npmrc
4 silly config load:file:F:\ehb next.js 04\.npmrc
5 silly config load:file:C:\Users\PC\.npmrc
6 silly config load:file:C:\Users\PC\AppData\Roaming\npm\etc\npmrc
7 verbose title npm install speech-to-text react-hook-speech-to-text
8 verbose argv "install" "speech-to-text" "react-hook-speech-to-text"
9 verbose logfile logs-max:10 dir:F:\ehb next.js 04\.npm-cache\_logs\2025-06-27T19_13_17_126Z-
10 verbose logfile F:\ehb next.js 04\.npm-cache\_logs\2025-06-27T19_13_17_126Z-debug-0.log
11 silly logfile start cleaning logs, removing 1 files
12 silly packumentCache heap:4496293888 maxSize:1124073472 maxEntrySize:562036736
13 silly logfile done cleaning log files
14 silly idealTree buildDeps
15 silly fetch manifest speech-to-text@*
16 silly packumentCache full:https://registry.npmjs.org/speech-to-text cache-miss
17 http fetch GET 200 https://registry.npmjs.org/speech-to-text 1428ms (cache miss)
18 silly packumentCache full:https://registry.npmjs.org/speech-to-text set size:undefined disposed:false
19 silly fetch manifest react-hook-speech-to-text@*
20 silly packumentCache full:https://registry.npmjs.org/react-hook-speech-to-text cache-miss
21 http fetch GET 200 https://registry.npmjs.org/react-hook-speech-to-text 1337ms (cache miss)
22 silly packumentCache full:https://registry.npmjs.org/react-hook-speech-to-text set size:undefined disposed:false
23 silly placeDep ROOT react-hook-speech-to-text@0.8.0 OK for: ehb-next-js-04@0.1.0 want: *
24 silly placeDep ROOT speech-to-text@3.0.2 OK for: ehb-next-js-04@0.1.0 want: *
25 silly reify moves {}
26 http cache speech-to-text@https://registry.npmjs.org/speech-to-text/-/speech-to-text-3.0.2.tgz 0ms (cache hit)
27 http cache react-hook-speech-to-text@https://registry.npmjs.org/react-hook-speech-to-text/-/react-hook-speech-to-text-0.8.0.tgz 0ms (cache hit)
28 silly tarball no local data for speech-to-text@https://registry.npmjs.org/speech-to-text/-/speech-to-text-3.0.2.tgz. Extracting by manifest.
29 silly tarball no local data for react-hook-speech-to-text@https://registry.npmjs.org/react-hook-speech-to-text/-/react-hook-speech-to-text-0.8.0.tgz. Extracting by manifest.
30 http fetch GET 200 https://registry.npmjs.org/react-hook-speech-to-text/-/react-hook-speech-to-text-0.8.0.tgz 508ms (cache miss)
31 http fetch GET 200 https://registry.npmjs.org/speech-to-text/-/speech-to-text-3.0.2.tgz 1212ms (cache miss)
32 silly ADD node_modules/speech-to-text
33 silly ADD node_modules/react-hook-speech-to-text
34 verbose cwd F:\ehb next.js 04
35 verbose os Windows_NT 10.0.26100
36 verbose node v24.2.0
37 verbose npm  v11.4.2
38 verbose exit 0
39 info ok
