0 verbose cli C:\Program Files\nodejs\node.exe C:\Users\PC\AppData\Roaming\npm\node_modules\npm\bin\npm-cli.js
1 info using npm@11.4.2
2 info using node@v24.2.0
3 silly config load:file:C:\Users\PC\AppData\Roaming\npm\node_modules\npm\npmrc
4 silly config load:file:F:\ehb next.js 04\.npmrc
5 silly config load:file:C:\Users\PC\.npmrc
6 silly config load:file:C:\Users\PC\AppData\Roaming\npm\etc\npmrc
7 verbose title npm install pexels-api-wrapper @canva/platform
8 verbose argv "install" "pexels-api-wrapper" "@canva/platform"
9 verbose logfile logs-max:10 dir:F:\ehb next.js 04\.npm-cache\_logs\2025-06-27T19_14_12_866Z-
10 verbose logfile F:\ehb next.js 04\.npm-cache\_logs\2025-06-27T19_14_12_866Z-debug-0.log
11 silly logfile start cleaning logs, removing 1 files
12 silly packumentCache heap:4496293888 maxSize:1124073472 maxEntrySize:562036736
13 silly logfile done cleaning log files
14 silly idealTree buildDeps
15 silly fetch manifest pexels-api-wrapper@*
16 silly packumentCache full:https://registry.npmjs.org/pexels-api-wrapper cache-miss
17 http cache https://registry.npmjs.org/pexels-api-wrapper 449ms (cache hit)
18 silly packumentCache full:https://registry.npmjs.org/pexels-api-wrapper set size:25035 disposed:false
19 silly fetch manifest @canva/platform@*
20 silly packumentCache full:https://registry.npmjs.org/@canva%2fplatform cache-miss
21 http fetch GET 200 https://registry.npmjs.org/@canva%2fplatform 2776ms (cache miss)
22 silly packumentCache full:https://registry.npmjs.org/@canva%2fplatform set size:undefined disposed:false
23 silly placeDep ROOT @canva/platform@2.2.0 OK for: ehb-next-js-04@0.1.0 want: *
24 silly placeDep ROOT pexels-api-wrapper@1.1.2 OK for: ehb-next-js-04@0.1.0 want: *
25 silly fetch manifest node-fetch@^1.7.1
26 silly packumentCache full:https://registry.npmjs.org/node-fetch cache-miss
27 http cache https://registry.npmjs.org/node-fetch 4ms (cache hit)
28 silly packumentCache full:https://registry.npmjs.org/node-fetch set size:896010 disposed:false
29 silly placeDep node_modules/pexels-api-wrapper node-fetch@1.7.3 OK for: pexels-api-wrapper@1.1.2 want: ^1.7.1
30 silly fetch manifest encoding@^0.1.11
31 silly packumentCache full:https://registry.npmjs.org/encoding cache-miss
32 silly fetch manifest is-stream@^1.0.1
33 silly packumentCache full:https://registry.npmjs.org/is-stream cache-miss
34 http cache https://registry.npmjs.org/encoding 6ms (cache hit)
35 silly packumentCache full:https://registry.npmjs.org/encoding set size:17833 disposed:false
36 http fetch GET 200 https://registry.npmjs.org/is-stream 7ms (cache stale)
37 silly packumentCache full:https://registry.npmjs.org/is-stream set size:18582 disposed:false
38 silly placeDep ROOT encoding@0.1.13 OK for: node-fetch@1.7.3 want: ^0.1.11
39 silly placeDep node_modules/pexels-api-wrapper is-stream@1.1.0 OK for: node-fetch@1.7.3 want: ^1.0.1
40 silly reify moves {}
41 http cache encoding@https://registry.npmjs.org/encoding/-/encoding-0.1.13.tgz 0ms (cache hit)
42 http cache @canva/platform@https://registry.npmjs.org/@canva/platform/-/platform-2.2.0.tgz 0ms (cache hit)
43 http cache pexels-api-wrapper@https://registry.npmjs.org/pexels-api-wrapper/-/pexels-api-wrapper-1.1.2.tgz 0ms (cache hit)
44 http cache node-fetch@https://registry.npmjs.org/node-fetch/-/node-fetch-1.7.3.tgz 0ms (cache hit)
45 http cache is-stream@https://registry.npmjs.org/is-stream/-/is-stream-1.1.0.tgz 0ms (cache hit)
46 silly tarball no local data for encoding@https://registry.npmjs.org/encoding/-/encoding-0.1.13.tgz. Extracting by manifest.
47 silly tarball no local data for @canva/platform@https://registry.npmjs.org/@canva/platform/-/platform-2.2.0.tgz. Extracting by manifest.
48 silly tarball no local data for pexels-api-wrapper@https://registry.npmjs.org/pexels-api-wrapper/-/pexels-api-wrapper-1.1.2.tgz. Extracting by manifest.
49 silly tarball no local data for node-fetch@https://registry.npmjs.org/node-fetch/-/node-fetch-1.7.3.tgz. Extracting by manifest.
50 silly tarball no local data for is-stream@https://registry.npmjs.org/is-stream/-/is-stream-1.1.0.tgz. Extracting by manifest.
51 http fetch GET 200 https://registry.npmjs.org/encoding/-/encoding-0.1.13.tgz 61ms (cache miss)
52 http fetch GET 200 https://registry.npmjs.org/is-stream/-/is-stream-1.1.0.tgz 80ms (cache miss)
53 http fetch GET 200 https://registry.npmjs.org/node-fetch/-/node-fetch-1.7.3.tgz 91ms (cache miss)
54 http fetch GET 200 https://registry.npmjs.org/pexels-api-wrapper/-/pexels-api-wrapper-1.1.2.tgz 1360ms (cache miss)
55 http fetch GET 200 https://registry.npmjs.org/@canva/platform/-/platform-2.2.0.tgz 2586ms (cache miss)
56 silly ADD node_modules/encoding
57 silly ADD node_modules/pexels-api-wrapper
58 silly ADD node_modules/pexels-api-wrapper/node_modules/is-stream
59 silly ADD node_modules/pexels-api-wrapper/node_modules/node-fetch
60 silly ADD node_modules/@canva/platform
61 verbose cwd F:\ehb next.js 04
62 verbose os Windows_NT 10.0.26100
63 verbose node v24.2.0
64 verbose npm  v11.4.2
65 verbose exit 0
66 info ok
