0 verbose cli C:\Program Files\nodejs\node.exe C:\Users\PC\AppData\Roaming\npm\node_modules\npm\bin\npm-cli.js
1 info using npm@11.4.2
2 info using node@v24.2.0
3 silly config load:file:C:\Users\PC\AppData\Roaming\npm\node_modules\npm\npmrc
4 silly config load:file:F:\ehb next.js 04\.npmrc
5 silly config load:file:C:\Users\PC\.npmrc
6 silly config load:file:C:\Users\PC\AppData\Roaming\npm\etc\npmrc
7 verbose title npm install bannerbear
8 verbose argv "install" "bannerbear"
9 verbose logfile logs-max:10 dir:F:\ehb next.js 04\.npm-cache\_logs\2025-06-27T19_12_47_867Z-
10 verbose logfile F:\ehb next.js 04\.npm-cache\_logs\2025-06-27T19_12_47_867Z-debug-0.log
11 silly logfile start cleaning logs, removing 1 files
12 silly packumentCache heap:4496293888 maxSize:1124073472 maxEntrySize:562036736
13 silly logfile done cleaning log files
14 silly idealTree buildDeps
15 silly fetch manifest bannerbear@*
16 silly packumentCache full:https://registry.npmjs.org/bannerbear cache-miss
17 http fetch GET 200 https://registry.npmjs.org/bannerbear 1938ms (cache miss)
18 silly packumentCache full:https://registry.npmjs.org/bannerbear set size:undefined disposed:false
19 silly placeDep ROOT bannerbear@1.4.0 OK for: ehb-next-js-04@0.1.0 want: *
20 silly fetch manifest base64url@^3.0.1
21 silly packumentCache full:https://registry.npmjs.org/base64url cache-miss
22 silly fetch manifest node-fetch@^2.6.6
23 silly packumentCache full:https://registry.npmjs.org/node-fetch cache-miss
24 http cache https://registry.npmjs.org/node-fetch 11ms (cache hit)
25 silly packumentCache full:https://registry.npmjs.org/node-fetch set size:896010 disposed:false
26 http fetch GET 200 https://registry.npmjs.org/base64url 436ms (cache miss)
27 silly packumentCache full:https://registry.npmjs.org/base64url set size:undefined disposed:false
28 silly placeDep ROOT base64url@3.0.1 OK for: bannerbear@1.4.0 want: ^3.0.1
29 silly placeDep node_modules/bannerbear node-fetch@2.7.0 OK for: bannerbear@1.4.0 want: ^2.6.6
30 silly fetch manifest whatwg-url@^5.0.0
31 silly packumentCache full:https://registry.npmjs.org/whatwg-url cache-miss
32 http fetch GET 200 https://registry.npmjs.org/whatwg-url 436ms (cache miss)
33 silly packumentCache full:https://registry.npmjs.org/whatwg-url set size:undefined disposed:false
34 silly placeDep node_modules/bannerbear whatwg-url@5.0.0 OK for: node-fetch@2.7.0 want: ^5.0.0
35 silly fetch manifest tr46@~0.0.3
36 silly packumentCache full:https://registry.npmjs.org/tr46 cache-miss
37 silly fetch manifest webidl-conversions@^3.0.0
38 silly packumentCache full:https://registry.npmjs.org/webidl-conversions cache-miss
39 http fetch GET 200 https://registry.npmjs.org/webidl-conversions 71ms (cache miss)
40 silly packumentCache full:https://registry.npmjs.org/webidl-conversions set size:undefined disposed:false
41 http fetch GET 200 https://registry.npmjs.org/tr46 457ms (cache miss)
42 silly packumentCache full:https://registry.npmjs.org/tr46 set size:undefined disposed:false
43 silly placeDep node_modules/bannerbear tr46@0.0.3 OK for: whatwg-url@5.0.0 want: ~0.0.3
44 silly placeDep node_modules/bannerbear webidl-conversions@3.0.1 OK for: whatwg-url@5.0.0 want: ^3.0.0
45 silly reify moves {}
46 http cache base64url@https://registry.npmjs.org/base64url/-/base64url-3.0.1.tgz 0ms (cache hit)
47 http cache bannerbear@https://registry.npmjs.org/bannerbear/-/bannerbear-1.4.0.tgz 0ms (cache hit)
48 http cache webidl-conversions@https://registry.npmjs.org/webidl-conversions/-/webidl-conversions-3.0.1.tgz 0ms (cache hit)
49 http cache whatwg-url@https://registry.npmjs.org/whatwg-url/-/whatwg-url-5.0.0.tgz 0ms (cache hit)
50 http cache tr46@https://registry.npmjs.org/tr46/-/tr46-0.0.3.tgz 0ms (cache hit)
51 silly tarball no local data for base64url@https://registry.npmjs.org/base64url/-/base64url-3.0.1.tgz. Extracting by manifest.
52 http cache node-fetch@https://registry.npmjs.org/node-fetch/-/node-fetch-2.7.0.tgz 0ms (cache hit)
53 silly tarball no local data for bannerbear@https://registry.npmjs.org/bannerbear/-/bannerbear-1.4.0.tgz. Extracting by manifest.
54 http fetch GET 200 https://registry.npmjs.org/base64url/-/base64url-3.0.1.tgz 49ms (cache miss)
55 http fetch GET 200 https://registry.npmjs.org/bannerbear/-/bannerbear-1.4.0.tgz 1224ms (cache miss)
56 silly ADD node_modules/base64url
57 silly ADD node_modules/bannerbear
58 silly ADD node_modules/bannerbear/node_modules/webidl-conversions
59 silly ADD node_modules/bannerbear/node_modules/tr46
60 silly ADD node_modules/bannerbear/node_modules/whatwg-url
61 silly ADD node_modules/bannerbear/node_modules/node-fetch
62 verbose cwd F:\ehb next.js 04
63 verbose os Windows_NT 10.0.26100
64 verbose node v24.2.0
65 verbose npm  v11.4.2
66 verbose exit 0
67 info ok
