0 verbose cli C:\Program Files\nodejs\node.exe C:\Program Files\nodejs\node_modules\npm\bin\npm-cli.js
1 info using npm@11.3.0
2 info using node@v24.2.0
3 silly config load:file:C:\Program Files\nodejs\node_modules\npm\npmrc
4 silly config load:file:F:\ehb next.js 04\.npmrc
5 silly config load:file:C:\Users\PC\.npmrc
6 silly config load:file:C:\Users\PC\AppData\Roaming\npm\etc\npmrc
7 verbose title npm install concurrently
8 verbose argv "install" "concurrently" "--save-dev"
9 verbose logfile logs-max:10 dir:F:\ehb next.js 04\.npm-cache\_logs\2025-06-20T18_35_44_751Z-
10 verbose logfile F:\ehb next.js 04\.npm-cache\_logs\2025-06-20T18_35_44_751Z-debug-0.log
11 silly logfile start cleaning logs, removing 1 files
12 silly packumentCache heap:4496293888 maxSize:1124073472 maxEntrySize:562036736
13 silly logfile done cleaning log files
14 silly idealTree buildDeps
15 silly fetch manifest concurrently@*
16 silly packumentCache full:https://registry.npmjs.org/concurrently cache-miss
17 http fetch GET 200 https://registry.npmjs.org/concurrently 1116ms (cache miss)
18 silly packumentCache full:https://registry.npmjs.org/concurrently set size:undefined disposed:false
19 silly placeDep ROOT concurrently@9.1.2 OK for: ehb-next-js-04@1.0.0 want: *
20 silly fetch manifest chalk@^4.1.2
21 silly packumentCache full:https://registry.npmjs.org/chalk cache-miss
22 silly fetch manifest shell-quote@^1.8.1
23 silly packumentCache full:https://registry.npmjs.org/shell-quote cache-miss
24 http fetch GET 200 https://registry.npmjs.org/chalk 229ms (cache miss)
25 silly packumentCache full:https://registry.npmjs.org/chalk set size:undefined disposed:false
26 http fetch GET 200 https://registry.npmjs.org/shell-quote 533ms (cache miss)
27 silly packumentCache full:https://registry.npmjs.org/shell-quote set size:undefined disposed:false
28 silly placeDep node_modules/concurrently chalk@4.1.2 OK for: concurrently@9.1.2 want: ^4.1.2
29 silly placeDep ROOT shell-quote@1.8.3 OK for: concurrently@9.1.2 want: ^1.8.1
30 silly fetch manifest ansi-styles@^4.1.0
31 silly packumentCache full:https://registry.npmjs.org/ansi-styles cache-miss
32 silly fetch manifest supports-color@^7.1.0
33 silly packumentCache full:https://registry.npmjs.org/supports-color cache-miss
34 http fetch GET 200 https://registry.npmjs.org/supports-color 228ms (cache miss)
35 silly packumentCache full:https://registry.npmjs.org/supports-color set size:undefined disposed:false
36 http fetch GET 200 https://registry.npmjs.org/ansi-styles 248ms (cache miss)
37 silly packumentCache full:https://registry.npmjs.org/ansi-styles set size:undefined disposed:false
38 silly placeDep node_modules/concurrently ansi-styles@4.3.0 OK for: chalk@4.1.2 want: ^4.1.0
39 silly placeDep node_modules/concurrently/node_modules/chalk supports-color@7.2.0 OK for: chalk@4.1.2 want: ^7.1.0
40 silly reify moves {}
41 http cache ansi-styles@https://registry.npmjs.org/ansi-styles/-/ansi-styles-4.3.0.tgz 0ms (cache hit)
42 http cache chalk@https://registry.npmjs.org/chalk/-/chalk-4.1.2.tgz 0ms (cache hit)
43 http cache supports-color@https://registry.npmjs.org/supports-color/-/supports-color-7.2.0.tgz 0ms (cache hit)
44 http cache shell-quote@https://registry.npmjs.org/shell-quote/-/shell-quote-1.8.3.tgz 0ms (cache hit)
45 http cache concurrently@https://registry.npmjs.org/concurrently/-/concurrently-9.1.2.tgz 0ms (cache hit)
46 silly tarball no local data for shell-quote@https://registry.npmjs.org/shell-quote/-/shell-quote-1.8.3.tgz. Extracting by manifest.
47 silly tarball no local data for concurrently@https://registry.npmjs.org/concurrently/-/concurrently-9.1.2.tgz. Extracting by manifest.
48 http fetch GET 200 https://registry.npmjs.org/shell-quote/-/shell-quote-1.8.3.tgz 236ms (cache miss)
49 http fetch GET 200 https://registry.npmjs.org/concurrently/-/concurrently-9.1.2.tgz 486ms (cache miss)
50 silly ADD node_modules/shell-quote
51 silly ADD node_modules/concurrently
52 silly ADD node_modules/concurrently/node_modules/ansi-styles
53 silly ADD node_modules/concurrently/node_modules/chalk
54 silly ADD node_modules/concurrently/node_modules/chalk/node_modules/supports-color
55 verbose cwd F:\ehb next.js 04
56 verbose os Windows_NT 10.0.26100
57 verbose node v24.2.0
58 verbose npm  v11.3.0
59 verbose exit 0
60 info ok
