0 verbose cli C:\Program Files\nodejs\node.exe C:\Program Files\nodejs\node_modules\npm\bin\npm-cli.js
1 info using npm@11.3.0
2 info using node@v24.2.0
3 silly config load:file:C:\Program Files\nodejs\node_modules\npm\npmrc
4 silly config load:file:F:\ehb next.js 04\.npmrc
5 silly config load:file:C:\Users\PC\.npmrc
6 silly config load:file:C:\Users\PC\AppData\Roaming\npm\etc\npmrc
7 verbose title npm install husky
8 verbose argv "install" "husky" "--save-dev"
9 verbose logfile logs-max:10 dir:F:\ehb next.js 04\.npm-cache\_logs\2025-06-20T17_55_21_455Z-
10 verbose logfile F:\ehb next.js 04\.npm-cache\_logs\2025-06-20T17_55_21_455Z-debug-0.log
11 silly logfile start cleaning logs, removing 1 files
12 silly packumentCache heap:4496293888 maxSize:1124073472 maxEntrySize:562036736
13 silly logfile done cleaning log files
14 silly idealTree buildDeps
15 silly fetch manifest husky@^8.0.0
16 silly packumentCache full:https://registry.npmjs.org/husky cache-miss
17 verbose shrinkwrap failed to load node_modules/.package-lock.json out of date, updated: node_modules
18 http fetch GET 200 https://registry.npmjs.org/husky 1292ms (cache miss)
19 silly packumentCache full:https://registry.npmjs.org/husky set size:undefined disposed:false
20 silly placeDep ROOT husky@8.0.3 REPLACE for: ehb-next-js-04@1.0.0 want: ^8.0.0
21 silly reify moves {}
22 verbose reify failed optional dependency F:\ehb next.js 04\node_modules\fsevents
23 silly reify mark deleted [ 'F:\\ehb next.js 04\\node_modules\\fsevents' ]
24 verbose reify failed optional dependency F:\ehb next.js 04\node_modules\@unrs\resolver-binding-win32-ia32-msvc
25 silly reify mark deleted [
25 silly reify   'F:\\ehb next.js 04\\node_modules\\@unrs\\resolver-binding-win32-ia32-msvc'
25 silly reify ]
26 verbose reify failed optional dependency F:\ehb next.js 04\node_modules\@unrs\resolver-binding-win32-arm64-msvc
27 silly reify mark deleted [
27 silly reify   'F:\\ehb next.js 04\\node_modules\\@unrs\\resolver-binding-win32-arm64-msvc'
27 silly reify ]
28 verbose reify failed optional dependency F:\ehb next.js 04\node_modules\@unrs\resolver-binding-wasm32-wasi
29 silly reify mark deleted [
29 silly reify   'F:\\ehb next.js 04\\node_modules\\@unrs\\resolver-binding-wasm32-wasi'
29 silly reify ]
30 verbose reify failed optional dependency F:\ehb next.js 04\node_modules\@napi-rs\wasm-runtime
31 silly reify mark deleted [ 'F:\\ehb next.js 04\\node_modules\\@napi-rs\\wasm-runtime' ]
32 verbose reify failed optional dependency F:\ehb next.js 04\node_modules\@emnapi\core
33 silly reify mark deleted [ 'F:\\ehb next.js 04\\node_modules\\@emnapi\\core' ]
34 verbose reify failed optional dependency F:\ehb next.js 04\node_modules\@emnapi\runtime
35 silly reify mark deleted [ 'F:\\ehb next.js 04\\node_modules\\@emnapi\\runtime' ]
36 verbose reify failed optional dependency F:\ehb next.js 04\node_modules\@tybys\wasm-util
37 silly reify mark deleted [ 'F:\\ehb next.js 04\\node_modules\\@tybys\\wasm-util' ]
38 verbose reify failed optional dependency F:\ehb next.js 04\node_modules\@emnapi\wasi-threads
39 silly reify mark deleted [ 'F:\\ehb next.js 04\\node_modules\\@emnapi\\wasi-threads' ]
40 verbose reify failed optional dependency F:\ehb next.js 04\node_modules\@unrs\resolver-binding-linux-x64-musl
41 silly reify mark deleted [
41 silly reify   'F:\\ehb next.js 04\\node_modules\\@unrs\\resolver-binding-linux-x64-musl'
41 silly reify ]
42 verbose reify failed optional dependency F:\ehb next.js 04\node_modules\@unrs\resolver-binding-linux-x64-gnu
43 silly reify mark deleted [
43 silly reify   'F:\\ehb next.js 04\\node_modules\\@unrs\\resolver-binding-linux-x64-gnu'
43 silly reify ]
44 verbose reify failed optional dependency F:\ehb next.js 04\node_modules\@unrs\resolver-binding-linux-s390x-gnu
45 silly reify mark deleted [
45 silly reify   'F:\\ehb next.js 04\\node_modules\\@unrs\\resolver-binding-linux-s390x-gnu'
45 silly reify ]
46 verbose reify failed optional dependency F:\ehb next.js 04\node_modules\@unrs\resolver-binding-linux-riscv64-musl
47 silly reify mark deleted [
47 silly reify   'F:\\ehb next.js 04\\node_modules\\@unrs\\resolver-binding-linux-riscv64-musl'
47 silly reify ]
48 verbose reify failed optional dependency F:\ehb next.js 04\node_modules\@unrs\resolver-binding-linux-riscv64-gnu
49 silly reify mark deleted [
49 silly reify   'F:\\ehb next.js 04\\node_modules\\@unrs\\resolver-binding-linux-riscv64-gnu'
49 silly reify ]
50 verbose reify failed optional dependency F:\ehb next.js 04\node_modules\@unrs\resolver-binding-linux-ppc64-gnu
51 silly reify mark deleted [
51 silly reify   'F:\\ehb next.js 04\\node_modules\\@unrs\\resolver-binding-linux-ppc64-gnu'
51 silly reify ]
52 verbose reify failed optional dependency F:\ehb next.js 04\node_modules\@unrs\resolver-binding-linux-arm64-musl
53 silly reify mark deleted [
53 silly reify   'F:\\ehb next.js 04\\node_modules\\@unrs\\resolver-binding-linux-arm64-musl'
53 silly reify ]
54 verbose reify failed optional dependency F:\ehb next.js 04\node_modules\@unrs\resolver-binding-linux-arm64-gnu
55 silly reify mark deleted [
55 silly reify   'F:\\ehb next.js 04\\node_modules\\@unrs\\resolver-binding-linux-arm64-gnu'
55 silly reify ]
56 verbose reify failed optional dependency F:\ehb next.js 04\node_modules\@unrs\resolver-binding-linux-arm-musleabihf
57 silly reify mark deleted [
57 silly reify   'F:\\ehb next.js 04\\node_modules\\@unrs\\resolver-binding-linux-arm-musleabihf'
57 silly reify ]
58 verbose reify failed optional dependency F:\ehb next.js 04\node_modules\@unrs\resolver-binding-linux-arm-gnueabihf
59 silly reify mark deleted [
59 silly reify   'F:\\ehb next.js 04\\node_modules\\@unrs\\resolver-binding-linux-arm-gnueabihf'
59 silly reify ]
60 verbose reify failed optional dependency F:\ehb next.js 04\node_modules\@unrs\resolver-binding-freebsd-x64
61 silly reify mark deleted [
61 silly reify   'F:\\ehb next.js 04\\node_modules\\@unrs\\resolver-binding-freebsd-x64'
61 silly reify ]
62 verbose reify failed optional dependency F:\ehb next.js 04\node_modules\@unrs\resolver-binding-darwin-x64
63 silly reify mark deleted [
63 silly reify   'F:\\ehb next.js 04\\node_modules\\@unrs\\resolver-binding-darwin-x64'
63 silly reify ]
64 verbose reify failed optional dependency F:\ehb next.js 04\node_modules\@unrs\resolver-binding-darwin-arm64
65 silly reify mark deleted [
65 silly reify   'F:\\ehb next.js 04\\node_modules\\@unrs\\resolver-binding-darwin-arm64'
65 silly reify ]
66 verbose reify failed optional dependency F:\ehb next.js 04\node_modules\@unrs\resolver-binding-android-arm64
67 silly reify mark deleted [
67 silly reify   'F:\\ehb next.js 04\\node_modules\\@unrs\\resolver-binding-android-arm64'
67 silly reify ]
68 verbose reify failed optional dependency F:\ehb next.js 04\node_modules\@unrs\resolver-binding-android-arm-eabi
69 silly reify mark deleted [
69 silly reify   'F:\\ehb next.js 04\\node_modules\\@unrs\\resolver-binding-android-arm-eabi'
69 silly reify ]
70 verbose reify failed optional dependency F:\ehb next.js 04\node_modules\@next\swc-win32-ia32-msvc
71 silly reify mark deleted [ 'F:\\ehb next.js 04\\node_modules\\@next\\swc-win32-ia32-msvc' ]
72 verbose reify failed optional dependency F:\ehb next.js 04\node_modules\@next\swc-win32-arm64-msvc
73 silly reify mark deleted [ 'F:\\ehb next.js 04\\node_modules\\@next\\swc-win32-arm64-msvc' ]
74 verbose reify failed optional dependency F:\ehb next.js 04\node_modules\@next\swc-linux-x64-musl
75 silly reify mark deleted [ 'F:\\ehb next.js 04\\node_modules\\@next\\swc-linux-x64-musl' ]
76 verbose reify failed optional dependency F:\ehb next.js 04\node_modules\@next\swc-linux-x64-gnu
77 silly reify mark deleted [ 'F:\\ehb next.js 04\\node_modules\\@next\\swc-linux-x64-gnu' ]
78 verbose reify failed optional dependency F:\ehb next.js 04\node_modules\@next\swc-linux-arm64-musl
79 silly reify mark deleted [ 'F:\\ehb next.js 04\\node_modules\\@next\\swc-linux-arm64-musl' ]
80 verbose reify failed optional dependency F:\ehb next.js 04\node_modules\@next\swc-linux-arm64-gnu
81 silly reify mark deleted [ 'F:\\ehb next.js 04\\node_modules\\@next\\swc-linux-arm64-gnu' ]
82 verbose reify failed optional dependency F:\ehb next.js 04\node_modules\@next\swc-darwin-x64
83 silly reify mark deleted [ 'F:\\ehb next.js 04\\node_modules\\@next\\swc-darwin-x64' ]
84 verbose reify failed optional dependency F:\ehb next.js 04\node_modules\@next\swc-darwin-arm64
85 silly reify mark deleted [ 'F:\\ehb next.js 04\\node_modules\\@next\\swc-darwin-arm64' ]
86 verbose reify failed optional dependency F:\ehb next.js 04\node_modules\playwright\node_modules\fsevents
87 silly reify mark deleted [
87 silly reify   'F:\\ehb next.js 04\\node_modules\\playwright\\node_modules\\fsevents'
87 silly reify ]
88 http cache @tybys/wasm-util@https://registry.npmjs.org/@tybys/wasm-util/-/wasm-util-0.9.0.tgz 1ms (cache hit)
89 http cache @napi-rs/wasm-runtime@https://registry.npmjs.org/@napi-rs/wasm-runtime/-/wasm-runtime-0.2.11.tgz 0ms (cache hit)
90 http cache @emnapi/wasi-threads@https://registry.npmjs.org/@emnapi/wasi-threads/-/wasi-threads-1.0.2.tgz 0ms (cache hit)
91 http cache @emnapi/core@https://registry.npmjs.org/@emnapi/core/-/core-1.4.3.tgz 0ms (cache hit)
92 http cache @emnapi/runtime@https://registry.npmjs.org/@emnapi/runtime/-/runtime-1.4.3.tgz 0ms (cache hit)
93 silly ADD node_modules/fsevents
94 silly ADD node_modules/@unrs/resolver-binding-win32-ia32-msvc
95 silly ADD node_modules/@unrs/resolver-binding-win32-arm64-msvc
96 silly ADD node_modules/@unrs/resolver-binding-wasm32-wasi
97 silly ADD node_modules/@unrs/resolver-binding-linux-x64-musl
98 silly ADD node_modules/@unrs/resolver-binding-linux-x64-gnu
99 silly ADD node_modules/@unrs/resolver-binding-linux-s390x-gnu
100 silly ADD node_modules/@unrs/resolver-binding-linux-riscv64-musl
101 silly ADD node_modules/@unrs/resolver-binding-linux-riscv64-gnu
102 silly ADD node_modules/@unrs/resolver-binding-linux-ppc64-gnu
103 silly ADD node_modules/@unrs/resolver-binding-linux-arm64-musl
104 silly ADD node_modules/@unrs/resolver-binding-linux-arm64-gnu
105 silly ADD node_modules/@unrs/resolver-binding-linux-arm-musleabihf
106 silly ADD node_modules/@unrs/resolver-binding-linux-arm-gnueabihf
107 silly ADD node_modules/@unrs/resolver-binding-freebsd-x64
108 silly ADD node_modules/@unrs/resolver-binding-darwin-x64
109 silly ADD node_modules/@unrs/resolver-binding-darwin-arm64
110 silly ADD node_modules/@unrs/resolver-binding-android-arm64
111 silly ADD node_modules/@unrs/resolver-binding-android-arm-eabi
112 silly ADD node_modules/@tybys/wasm-util
113 silly ADD node_modules/@next/swc-win32-ia32-msvc
114 silly ADD node_modules/@next/swc-win32-arm64-msvc
115 silly ADD node_modules/@next/swc-linux-x64-musl
116 silly ADD node_modules/@next/swc-linux-x64-gnu
117 silly ADD node_modules/@next/swc-linux-arm64-musl
118 silly ADD node_modules/@next/swc-linux-arm64-gnu
119 silly ADD node_modules/@next/swc-darwin-x64
120 silly ADD node_modules/@next/swc-darwin-arm64
121 silly ADD node_modules/@napi-rs/wasm-runtime
122 silly ADD node_modules/@emnapi/wasi-threads
123 silly ADD node_modules/@emnapi/runtime
124 silly ADD node_modules/@emnapi/core
125 silly ADD node_modules/playwright/node_modules/fsevents
126 verbose cwd F:\ehb next.js 04
127 verbose os Windows_NT 10.0.26100
128 verbose node v24.2.0
129 verbose npm  v11.3.0
130 verbose exit 0
131 info ok
