0 verbose cli C:\Program Files\nodejs\node.exe C:\Users\PC\AppData\Roaming\npm\node_modules\npm\bin\npm-cli.js
1 info using npm@11.4.2
2 info using node@v24.2.0
3 silly config load:file:C:\Users\PC\AppData\Roaming\npm\node_modules\npm\npmrc
4 silly config load:file:F:\ehb next.js 04\.npmrc
5 silly config load:file:C:\Users\PC\.npmrc
6 silly config load:file:C:\Users\PC\AppData\Roaming\npm\etc\npmrc
7 verbose title npm install react-chartjs-2 chart.js
8 verbose argv "install" "react-chartjs-2" "chart.js"
9 verbose logfile logs-max:10 dir:F:\ehb next.js 04\.npm-cache\_logs\2025-06-30T11_36_18_361Z-
10 verbose logfile F:\ehb next.js 04\.npm-cache\_logs\2025-06-30T11_36_18_361Z-debug-0.log
11 silly logfile start cleaning logs, removing 1 files
12 silly packumentCache heap:4496293888 maxSize:1124073472 maxEntrySize:562036736
13 silly logfile done cleaning log files
14 silly idealTree buildDeps
15 silly fetch manifest chart.js@^4.5.0
16 silly packumentCache full:https://registry.npmjs.org/chart.js cache-miss
17 http fetch GET 200 https://registry.npmjs.org/chart.js 111ms (cache stale)
18 silly packumentCache full:https://registry.npmjs.org/chart.js set size:430753 disposed:false
19 silly fetch manifest react-chartjs-2@^5.3.0
20 silly packumentCache full:https://registry.npmjs.org/react-chartjs-2 cache-miss
21 http fetch GET 200 https://registry.npmjs.org/react-chartjs-2 4ms (cache stale)
22 silly packumentCache full:https://registry.npmjs.org/react-chartjs-2 set size:260915 disposed:false
23 silly placeDep ROOT chart.js@4.5.0 REPLACE for: ehb-next-js-frontend-clean@1.0.0 want: ^4.5.0
24 silly placeDep ROOT react-chartjs-2@5.3.0 REPLACE for: ehb-next-js-frontend-clean@1.0.0 want: ^5.3.0
25 silly reify moves {}
26 verbose cwd F:\ehb next.js 04
27 verbose os Windows_NT 10.0.26100
28 verbose node v24.2.0
29 verbose npm  v11.4.2
30 verbose exit 0
31 info ok
