0 verbose cli C:\Program Files\nodejs\node.exe C:\Program Files\nodejs\node_modules\npm\bin\npm-cli.js
1 info using npm@11.3.0
2 info using node@v24.2.0
3 silly config load:file:C:\Program Files\nodejs\node_modules\npm\npmrc
4 silly config load:file:F:\ehb next.js 04\.npmrc
5 silly config load:file:C:\Users\PC\.npmrc
6 silly config load:file:C:\Users\PC\AppData\Roaming\npm\etc\npmrc
7 verbose title npm install geist
8 verbose argv "install" "geist"
9 verbose logfile logs-max:10 dir:F:\ehb next.js 04\.npm-cache\_logs\2025-06-20T18_39_26_075Z-
10 verbose logfile F:\ehb next.js 04\.npm-cache\_logs\2025-06-20T18_39_26_075Z-debug-0.log
11 silly logfile start cleaning logs, removing 1 files
12 silly packumentCache heap:4496293888 maxSize:1124073472 maxEntrySize:562036736
13 silly logfile done cleaning log files
14 silly idealTree buildDeps
15 silly fetch manifest geist@*
16 silly packumentCache full:https://registry.npmjs.org/geist cache-miss
17 http fetch GET 200 https://registry.npmjs.org/geist 1714ms (cache miss)
18 silly packumentCache full:https://registry.npmjs.org/geist set size:undefined disposed:false
19 silly placeDep ROOT geist@1.4.2 OK for: ehb-next-js-04@1.0.0 want: *
20 silly reify moves {}
21 http cache geist@https://registry.npmjs.org/geist/-/geist-1.4.2.tgz 0ms (cache hit)
22 silly tarball no local data for geist@https://registry.npmjs.org/geist/-/geist-1.4.2.tgz. Extracting by manifest.
23 http fetch GET 200 https://registry.npmjs.org/geist/-/geist-1.4.2.tgz 799ms (cache miss)
24 silly ADD node_modules/geist
25 verbose cwd F:\ehb next.js 04
26 verbose os Windows_NT 10.0.26100
27 verbose node v24.2.0
28 verbose npm  v11.3.0
29 verbose exit 0
30 info ok
