0 verbose cli C:\Program Files\nodejs\node.exe C:\Program Files\nodejs\node_modules\npm\bin\npm-cli.js
1 info using npm@11.3.0
2 info using node@v24.2.0
3 silly config load:file:C:\Program Files\nodejs\node_modules\npm\npmrc
4 silly config load:file:F:\ehb next.js 04\.npmrc
5 silly config load:file:C:\Users\PC\.npmrc
6 silly config load:file:C:\Users\PC\AppData\Roaming\npm\etc\npmrc
7 verbose title npm install sonner next-themes
8 verbose argv "install" "sonner" "next-themes"
9 verbose logfile logs-max:10 dir:F:\ehb next.js 04\.npm-cache\_logs\2025-06-20T18_43_02_690Z-
10 verbose logfile F:\ehb next.js 04\.npm-cache\_logs\2025-06-20T18_43_02_690Z-debug-0.log
11 silly logfile start cleaning logs, removing 1 files
12 silly packumentCache heap:4496293888 maxSize:1124073472 maxEntrySize:562036736
13 silly logfile done cleaning log files
14 silly idealTree buildDeps
15 silly fetch manifest next-themes@^0.4.6
16 silly packumentCache full:https://registry.npmjs.org/next-themes cache-miss
17 http fetch GET 200 https://registry.npmjs.org/next-themes 1352ms (cache miss)
18 silly packumentCache full:https://registry.npmjs.org/next-themes set size:undefined disposed:false
19 silly fetch manifest sonner@*
20 silly packumentCache full:https://registry.npmjs.org/sonner cache-miss
21 http fetch GET 200 https://registry.npmjs.org/sonner 776ms (cache miss)
22 silly packumentCache full:https://registry.npmjs.org/sonner set size:undefined disposed:false
23 silly placeDep ROOT next-themes@0.4.6 REPLACE for: ehb-next-js-04@1.0.0 want: ^0.4.6
24 silly placeDep ROOT sonner@2.0.5 OK for: ehb-next-js-04@1.0.0 want: *
25 silly reify moves {}
26 http cache sonner@https://registry.npmjs.org/sonner/-/sonner-2.0.5.tgz 0ms (cache hit)
27 silly tarball no local data for sonner@https://registry.npmjs.org/sonner/-/sonner-2.0.5.tgz. Extracting by manifest.
28 http fetch GET 200 https://registry.npmjs.org/sonner/-/sonner-2.0.5.tgz 233ms (cache miss)
29 silly ADD node_modules/sonner
30 verbose cwd F:\ehb next.js 04
31 verbose os Windows_NT 10.0.26100
32 verbose node v24.2.0
33 verbose npm  v11.3.0
34 verbose exit 0
35 info ok
