0 verbose cli C:\Program Files\nodejs\node.exe C:\Users\PC\AppData\Roaming\npm\node_modules\npm\bin\npm-cli.js
1 info using npm@11.4.2
2 info using node@v24.2.0
3 silly config load:file:C:\Users\PC\AppData\Roaming\npm\node_modules\npm\npmrc
4 silly config load:file:F:\ehb next.js 04\.npmrc
5 silly config load:file:C:\Users\PC\.npmrc
6 silly config load:file:C:\Users\PC\AppData\Roaming\npm\etc\npmrc
7 verbose title npm install swiper react-horizontal-scrolling-menu fuse.js react-player react-lazyload socket.io-client
8 verbose argv "install" "swiper" "react-horizontal-scrolling-menu" "fuse.js" "react-player" "react-lazyload" "socket.io-client"
9 verbose logfile logs-max:10 dir:F:\ehb next.js 04\.npm-cache\_logs\2025-06-27T19_36_59_439Z-
10 verbose logfile F:\ehb next.js 04\.npm-cache\_logs\2025-06-27T19_36_59_439Z-debug-0.log
11 silly logfile start cleaning logs, removing 1 files
12 silly packumentCache heap:4496293888 maxSize:1124073472 maxEntrySize:562036736
13 silly logfile done cleaning log files
14 silly idealTree buildDeps
15 silly fetch manifest swiper@*
16 silly packumentCache full:https://registry.npmjs.org/swiper cache-miss
17 http fetch GET 200 https://registry.npmjs.org/swiper 458ms (cache stale)
18 silly packumentCache full:https://registry.npmjs.org/swiper set size:1956376 disposed:false
19 silly fetch manifest react-horizontal-scrolling-menu@*
20 silly packumentCache full:https://registry.npmjs.org/react-horizontal-scrolling-menu cache-miss
21 http fetch GET 200 https://registry.npmjs.org/react-horizontal-scrolling-menu 6ms (cache stale)
22 silly packumentCache full:https://registry.npmjs.org/react-horizontal-scrolling-menu set size:986775 disposed:false
23 silly fetch manifest fuse.js@*
24 silly packumentCache full:https://registry.npmjs.org/fuse.js cache-miss
25 http fetch GET 200 https://registry.npmjs.org/fuse.js 4ms (cache stale)
26 silly packumentCache full:https://registry.npmjs.org/fuse.js set size:338780 disposed:false
27 silly fetch manifest react-player@*
28 silly packumentCache full:https://registry.npmjs.org/react-player cache-miss
29 http fetch GET 200 https://registry.npmjs.org/react-player 4ms (cache stale)
30 silly packumentCache full:https://registry.npmjs.org/react-player set size:734155 disposed:false
31 silly fetch manifest react-lazyload@*
32 silly packumentCache full:https://registry.npmjs.org/react-lazyload cache-miss
33 http fetch GET 200 https://registry.npmjs.org/react-lazyload 3ms (cache stale)
34 silly packumentCache full:https://registry.npmjs.org/react-lazyload set size:191920 disposed:false
35 silly fetch manifest socket.io-client@*
36 silly packumentCache full:https://registry.npmjs.org/socket.io-client cache-miss
37 http fetch GET 200 https://registry.npmjs.org/socket.io-client 5ms (cache stale)
38 silly packumentCache full:https://registry.npmjs.org/socket.io-client set size:403146 disposed:false
39 silly placeDep ROOT fuse.js@7.1.0 OK for: ehb-next-js-04@0.1.0 want: *
40 silly placeDep ROOT react-horizontal-scrolling-menu@8.2.0 OK for: ehb-next-js-04@0.1.0 want: *
41 silly placeDep ROOT react-lazyload@3.2.1 OK for: ehb-next-js-04@0.1.0 want: *
42 silly placeDep ROOT react-player@3.0.0 OK for: ehb-next-js-04@0.1.0 want: *
43 silly placeDep ROOT socket.io-client@4.8.1 REPLACE for: ehb-next-js-04@0.1.0 want: *
44 silly placeDep ROOT swiper@11.2.9 OK for: ehb-next-js-04@0.1.0 want: *
45 silly fetch manifest smooth-scroll-into-view-if-needed@^2.0.2
46 silly packumentCache full:https://registry.npmjs.org/smooth-scroll-into-view-if-needed cache-miss
47 silly fetch manifest @mux/mux-player-react@^3.5.0
48 silly packumentCache full:https://registry.npmjs.org/@mux%2fmux-player-react cache-miss
49 silly fetch manifest cloudflare-video-element@^1.3.2
50 silly packumentCache full:https://registry.npmjs.org/cloudflare-video-element cache-miss
51 silly fetch manifest dash-video-element@^0.1.5
52 silly packumentCache full:https://registry.npmjs.org/dash-video-element cache-miss
53 silly fetch manifest hls-video-element@^1.5.5
54 silly packumentCache full:https://registry.npmjs.org/hls-video-element cache-miss
55 silly fetch manifest vimeo-video-element@^1.5.1
56 silly packumentCache full:https://registry.npmjs.org/vimeo-video-element cache-miss
57 silly fetch manifest wistia-video-element@^1.3.2
58 silly packumentCache full:https://registry.npmjs.org/wistia-video-element cache-miss
59 silly fetch manifest youtube-video-element@^1.5.3
60 silly packumentCache full:https://registry.npmjs.org/youtube-video-element cache-miss
61 http fetch GET 200 https://registry.npmjs.org/cloudflare-video-element 11ms (cache stale)
62 silly packumentCache full:https://registry.npmjs.org/cloudflare-video-element set size:40116 disposed:false
63 http fetch GET 200 https://registry.npmjs.org/dash-video-element 12ms (cache stale)
64 silly packumentCache full:https://registry.npmjs.org/dash-video-element set size:58354 disposed:false
65 http fetch GET 200 https://registry.npmjs.org/hls-video-element 14ms (cache stale)
66 silly packumentCache full:https://registry.npmjs.org/hls-video-element set size:97613 disposed:false
67 http fetch GET 200 https://registry.npmjs.org/smooth-scroll-into-view-if-needed 17ms (cache stale)
68 silly packumentCache full:https://registry.npmjs.org/smooth-scroll-into-view-if-needed set size:278169 disposed:false
69 http fetch GET 200 https://registry.npmjs.org/@mux%2fmux-player-react 25ms (cache stale)
70 silly packumentCache full:https://registry.npmjs.org/@mux%2fmux-player-react set size:3109245 disposed:false
71 http fetch GET 200 https://registry.npmjs.org/vimeo-video-element 48ms (cache stale)
72 silly packumentCache full:https://registry.npmjs.org/vimeo-video-element set size:71971 disposed:false
73 http fetch GET 200 https://registry.npmjs.org/wistia-video-element 49ms (cache stale)
74 silly packumentCache full:https://registry.npmjs.org/wistia-video-element set size:92610 disposed:false
75 http fetch GET 200 https://registry.npmjs.org/youtube-video-element 55ms (cache stale)
76 silly packumentCache full:https://registry.npmjs.org/youtube-video-element set size:73917 disposed:false
77 silly placeDep ROOT smooth-scroll-into-view-if-needed@2.0.2 OK for: react-horizontal-scrolling-menu@8.2.0 want: ^2.0.2
78 silly fetch manifest scroll-into-view-if-needed@^3.1.0
79 silly packumentCache full:https://registry.npmjs.org/scroll-into-view-if-needed cache-miss
80 http fetch GET 200 https://registry.npmjs.org/scroll-into-view-if-needed 4ms (cache stale)
81 silly packumentCache full:https://registry.npmjs.org/scroll-into-view-if-needed set size:425726 disposed:false
82 silly placeDep ROOT @mux/mux-player-react@3.5.0 OK for: react-player@3.0.0 want: ^3.5.0
83 silly placeDep ROOT cloudflare-video-element@1.3.2 OK for: react-player@3.0.0 want: ^1.3.2
84 silly placeDep ROOT dash-video-element@0.1.5 OK for: react-player@3.0.0 want: ^0.1.5
85 silly placeDep ROOT hls-video-element@1.5.5 OK for: react-player@3.0.0 want: ^1.5.5
86 silly placeDep ROOT vimeo-video-element@1.5.1 OK for: react-player@3.0.0 want: ^1.5.1
87 silly placeDep ROOT wistia-video-element@1.3.2 OK for: react-player@3.0.0 want: ^1.3.2
88 silly placeDep ROOT youtube-video-element@1.5.3 OK for: react-player@3.0.0 want: ^1.5.3
89 silly fetch manifest @mux/mux-player@3.5.0
90 silly packumentCache full:https://registry.npmjs.org/@mux%2fmux-player cache-miss
91 silly fetch manifest @mux/playback-core@0.30.0
92 silly packumentCache full:https://registry.npmjs.org/@mux%2fplayback-core cache-miss
93 silly fetch manifest custom-media-element@^1.4.5
94 silly packumentCache full:https://registry.npmjs.org/custom-media-element cache-miss
95 silly fetch manifest dashjs@^5.0.3
96 silly packumentCache full:https://registry.npmjs.org/dashjs cache-miss
97 silly fetch manifest custom-media-element@^1.4.5
98 silly packumentCache full:https://registry.npmjs.org/custom-media-element cache-miss
99 silly fetch manifest hls.js@^1.6.5
100 silly packumentCache full:https://registry.npmjs.org/hls.js cache-miss
101 silly fetch manifest media-tracks@^0.3.3
102 silly packumentCache full:https://registry.npmjs.org/media-tracks cache-miss
103 silly fetch manifest @vimeo/player@2.29.0
104 silly packumentCache full:https://registry.npmjs.org/@vimeo%2fplayer cache-miss
105 silly fetch manifest super-media-element@~1.4.2
106 silly packumentCache full:https://registry.npmjs.org/super-media-element cache-miss
107 http fetch GET 200 https://registry.npmjs.org/custom-media-element 11ms (cache stale)
108 silly packumentCache full:https://registry.npmjs.org/custom-media-element set size:85435 disposed:false
109 http fetch GET 200 https://registry.npmjs.org/@vimeo%2fplayer 12ms (cache stale)
110 silly packumentCache full:https://registry.npmjs.org/@vimeo%2fplayer set size:335934 disposed:false
111 http fetch GET 200 https://registry.npmjs.org/@mux%2fplayback-core 19ms (cache stale)
112 silly packumentCache full:https://registry.npmjs.org/@mux%2fplayback-core set size:2793118 disposed:false
113 http fetch GET 200 https://registry.npmjs.org/@mux%2fmux-player 30ms (cache stale)
114 silly packumentCache full:https://registry.npmjs.org/@mux%2fmux-player set size:3311827 disposed:false
115 http fetch GET 200 https://registry.npmjs.org/media-tracks 40ms (cache stale)
116 silly packumentCache full:https://registry.npmjs.org/media-tracks set size:49945 disposed:false
117 http fetch GET 200 https://registry.npmjs.org/dashjs 42ms (cache stale)
118 silly packumentCache full:https://registry.npmjs.org/dashjs set size:213150 disposed:false
119 http fetch GET 200 https://registry.npmjs.org/super-media-element 42ms (cache stale)
120 silly packumentCache full:https://registry.npmjs.org/super-media-element set size:77531 disposed:false
121 http fetch GET 200 https://registry.npmjs.org/custom-media-element 44ms (cache stale)
122 silly packumentCache full:https://registry.npmjs.org/custom-media-element set size:85435 disposed:false
123 silly packumentCache full:https://registry.npmjs.org/custom-media-element dispose
124 http fetch GET 200 https://registry.npmjs.org/hls.js 70ms (cache stale)
125 silly packumentCache full:https://registry.npmjs.org/hls.js set size:19222176 disposed:false
126 silly placeDep ROOT @mux/mux-player@3.5.0 OK for: @mux/mux-player-react@3.5.0 want: 3.5.0
127 silly placeDep ROOT @mux/playback-core@0.30.0 OK for: @mux/mux-player-react@3.5.0 want: 0.30.0
128 silly fetch manifest media-chrome@~4.11.1
129 silly packumentCache full:https://registry.npmjs.org/media-chrome cache-miss
130 silly fetch manifest player.style@^0.1.9
131 silly packumentCache full:https://registry.npmjs.org/player.style cache-miss
132 silly fetch manifest @mux/mux-video@0.26.0
133 silly packumentCache full:https://registry.npmjs.org/@mux%2fmux-video cache-miss
134 silly fetch manifest hls.js@~1.5.19
135 silly packumentCache full:https://registry.npmjs.org/hls.js cache-miss
136 silly fetch manifest mux-embed@^5.8.3
137 silly packumentCache full:https://registry.npmjs.org/mux-embed cache-miss
138 http fetch GET 200 https://registry.npmjs.org/player.style 8ms (cache stale)
139 silly packumentCache full:https://registry.npmjs.org/player.style set size:69225 disposed:false
140 http fetch GET 200 https://registry.npmjs.org/mux-embed 9ms (cache stale)
141 silly packumentCache full:https://registry.npmjs.org/mux-embed set size:502024 disposed:false
142 http fetch GET 200 https://registry.npmjs.org/media-chrome 19ms (cache stale)
143 silly packumentCache full:https://registry.npmjs.org/media-chrome set size:3071334 disposed:false
144 http fetch GET 200 https://registry.npmjs.org/@mux%2fmux-video 39ms (cache stale)
145 silly packumentCache full:https://registry.npmjs.org/@mux%2fmux-video set size:3182891 disposed:false
146 http fetch GET 200 https://registry.npmjs.org/hls.js 92ms (cache stale)
147 silly packumentCache full:https://registry.npmjs.org/hls.js set size:19222176 disposed:false
148 silly placeDep ROOT @mux/mux-video@0.26.0 OK for: @mux/mux-player@3.5.0 want: 0.26.0
149 silly placeDep ROOT media-chrome@4.11.1 OK for: @mux/mux-player@3.5.0 want: ~4.11.1
150 silly placeDep ROOT player.style@0.1.9 OK for: @mux/mux-player@3.5.0 want: ^0.1.9
151 silly fetch manifest media-tracks@~0.3.3
152 silly packumentCache full:https://registry.npmjs.org/media-tracks cache-hit
153 silly fetch manifest castable-video@~1.1.10
154 silly packumentCache full:https://registry.npmjs.org/castable-video cache-miss
155 silly fetch manifest custom-media-element@~1.4.5
156 silly packumentCache full:https://registry.npmjs.org/custom-media-element cache-hit
157 silly fetch manifest @mux/mux-data-google-ima@0.2.8
158 silly packumentCache full:https://registry.npmjs.org/@mux%2fmux-data-google-ima cache-miss
159 silly fetch manifest ce-la-react@^0.3.0
160 silly packumentCache full:https://registry.npmjs.org/ce-la-react cache-miss
161 silly fetch manifest @vercel/edge@^1.2.1
162 silly packumentCache full:https://registry.npmjs.org/@vercel%2fedge cache-miss
163 http fetch GET 200 https://registry.npmjs.org/castable-video 14ms (cache stale)
164 silly packumentCache full:https://registry.npmjs.org/castable-video set size:97593 disposed:false
165 http fetch GET 200 https://registry.npmjs.org/ce-la-react 14ms (cache stale)
166 silly packumentCache full:https://registry.npmjs.org/ce-la-react set size:26678 disposed:false
167 http fetch GET 200 https://registry.npmjs.org/@mux%2fmux-data-google-ima 23ms (cache stale)
168 silly packumentCache full:https://registry.npmjs.org/@mux%2fmux-data-google-ima set size:35297 disposed:false
169 http fetch GET 200 https://registry.npmjs.org/@vercel%2fedge 24ms (cache stale)
170 silly packumentCache full:https://registry.npmjs.org/@vercel%2fedge set size:141459 disposed:false
171 silly placeDep ROOT @mux/mux-data-google-ima@0.2.8 OK for: @mux/mux-video@0.26.0 want: 0.2.8
172 silly placeDep ROOT castable-video@1.1.10 OK for: @mux/mux-video@0.26.0 want: ~1.1.10
173 silly placeDep ROOT custom-media-element@1.4.5 OK for: @mux/mux-video@0.26.0 want: ~1.4.5
174 silly placeDep ROOT media-tracks@0.3.3 OK for: @mux/mux-video@0.26.0 want: ~0.3.3
175 silly fetch manifest mux-embed@5.9.0
176 silly packumentCache full:https://registry.npmjs.org/mux-embed cache-hit
177 silly placeDep ROOT mux-embed@5.9.0 OK for: @mux/mux-data-google-ima@0.2.8 want: 5.9.0
178 silly placeDep ROOT hls.js@1.5.20 OK for: @mux/playback-core@0.30.0 want: ~1.5.19
179 silly placeDep ROOT dashjs@5.0.3 OK for: dash-video-element@0.1.5 want: ^5.0.3
180 silly fetch manifest @svta/common-media-library@^0.12.4
181 silly packumentCache full:https://registry.npmjs.org/@svta%2fcommon-media-library cache-miss
182 silly fetch manifest bcp-47-match@^2.0.3
183 silly packumentCache full:https://registry.npmjs.org/bcp-47-match cache-miss
184 silly fetch manifest bcp-47-normalize@^2.3.0
185 silly packumentCache full:https://registry.npmjs.org/bcp-47-normalize cache-miss
186 silly fetch manifest codem-isoboxer@0.3.10
187 silly packumentCache full:https://registry.npmjs.org/codem-isoboxer cache-miss
188 silly fetch manifest imsc@^1.1.5
189 silly packumentCache full:https://registry.npmjs.org/imsc cache-miss
190 silly fetch manifest localforage@^1.10.0
191 silly packumentCache full:https://registry.npmjs.org/localforage cache-miss
192 http fetch GET 200 https://registry.npmjs.org/@svta%2fcommon-media-library 8ms (cache stale)
193 silly packumentCache full:https://registry.npmjs.org/@svta%2fcommon-media-library set size:84063 disposed:false
194 http fetch GET 200 https://registry.npmjs.org/imsc 9ms (cache stale)
195 silly packumentCache full:https://registry.npmjs.org/imsc set size:181467 disposed:false
196 http fetch GET 200 https://registry.npmjs.org/bcp-47-match 11ms (cache stale)
197 silly packumentCache full:https://registry.npmjs.org/bcp-47-match set size:39308 disposed:false
198 http fetch GET 200 https://registry.npmjs.org/bcp-47-normalize 12ms (cache stale)
199 silly packumentCache full:https://registry.npmjs.org/bcp-47-normalize set size:38945 disposed:false
200 http fetch GET 200 https://registry.npmjs.org/codem-isoboxer 12ms (cache stale)
201 silly packumentCache full:https://registry.npmjs.org/codem-isoboxer set size:65263 disposed:false
202 http fetch GET 200 https://registry.npmjs.org/localforage 13ms (cache stale)
203 silly packumentCache full:https://registry.npmjs.org/localforage set size:143580 disposed:false
204 silly placeDep ROOT @svta/common-media-library@0.12.4 OK for: dashjs@5.0.3 want: ^0.12.4
205 silly placeDep ROOT bcp-47-match@2.0.3 OK for: dashjs@5.0.3 want: ^2.0.3
206 silly placeDep ROOT bcp-47-normalize@2.3.0 OK for: dashjs@5.0.3 want: ^2.3.0
207 silly placeDep ROOT codem-isoboxer@0.3.10 OK for: dashjs@5.0.3 want: 0.3.10
208 silly placeDep ROOT imsc@1.1.5 OK for: dashjs@5.0.3 want: ^1.1.5
209 silly placeDep ROOT localforage@1.10.0 OK for: dashjs@5.0.3 want: ^1.10.0
210 silly fetch manifest bcp-47@^2.0.0
211 silly packumentCache full:https://registry.npmjs.org/bcp-47 cache-miss
212 silly fetch manifest sax@1.2.1
213 silly packumentCache full:https://registry.npmjs.org/sax cache-miss
214 silly fetch manifest lie@3.1.1
215 silly packumentCache full:https://registry.npmjs.org/lie cache-miss
216 http fetch GET 200 https://registry.npmjs.org/bcp-47 5ms (cache stale)
217 silly packumentCache full:https://registry.npmjs.org/bcp-47 set size:44789 disposed:false
218 http fetch GET 200 https://registry.npmjs.org/sax 6ms (cache stale)
219 silly packumentCache full:https://registry.npmjs.org/sax set size:82736 disposed:false
220 http fetch GET 200 https://registry.npmjs.org/lie 7ms (cache stale)
221 silly packumentCache full:https://registry.npmjs.org/lie set size:93874 disposed:false
222 silly placeDep ROOT bcp-47@2.1.0 OK for: bcp-47-normalize@2.3.0 want: ^2.0.0
223 silly fetch manifest is-alphabetical@^2.0.0
224 silly packumentCache full:https://registry.npmjs.org/is-alphabetical cache-miss
225 silly fetch manifest is-alphanumerical@^2.0.0
226 silly packumentCache full:https://registry.npmjs.org/is-alphanumerical cache-miss
227 silly fetch manifest is-decimal@^2.0.0
228 silly packumentCache full:https://registry.npmjs.org/is-decimal cache-miss
229 http fetch GET 200 https://registry.npmjs.org/is-alphabetical 4ms (cache stale)
230 silly packumentCache full:https://registry.npmjs.org/is-alphabetical set size:26798 disposed:false
231 http fetch GET 200 https://registry.npmjs.org/is-alphanumerical 5ms (cache stale)
232 silly packumentCache full:https://registry.npmjs.org/is-alphanumerical set size:27515 disposed:false
233 http fetch GET 200 https://registry.npmjs.org/is-decimal 6ms (cache stale)
234 silly packumentCache full:https://registry.npmjs.org/is-decimal set size:25885 disposed:false
235 silly placeDep ROOT is-alphabetical@2.0.1 OK for: bcp-47@2.1.0 want: ^2.0.0
236 silly placeDep ROOT is-alphanumerical@2.0.1 OK for: bcp-47@2.1.0 want: ^2.0.0
237 silly placeDep ROOT is-decimal@2.0.1 OK for: bcp-47@2.1.0 want: ^2.0.0
238 silly placeDep node_modules/hls-video-element hls.js@1.6.5 OK for: hls-video-element@1.5.5 want: ^1.6.5
239 silly placeDep ROOT sax@1.2.1 OK for: imsc@1.1.5 want: 1.2.1
240 silly placeDep ROOT lie@3.1.1 OK for: localforage@1.10.0 want: 3.1.1
241 silly fetch manifest immediate@~3.0.5
242 silly packumentCache full:https://registry.npmjs.org/immediate cache-miss
243 http fetch GET 200 https://registry.npmjs.org/immediate 3ms (cache stale)
244 silly packumentCache full:https://registry.npmjs.org/immediate set size:66460 disposed:false
245 silly placeDep ROOT immediate@3.0.6 OK for: lie@3.1.1 want: ~3.0.5
246 silly placeDep ROOT @vercel/edge@1.2.2 OK for: media-chrome@4.11.1 want: ^1.2.1
247 silly placeDep ROOT ce-la-react@0.3.0 OK for: media-chrome@4.11.1 want: ^0.3.0
248 silly placeDep ROOT scroll-into-view-if-needed@3.1.0 OK for: smooth-scroll-into-view-if-needed@2.0.2 want: ^3.1.0
249 silly fetch manifest compute-scroll-into-view@^3.0.2
250 silly packumentCache full:https://registry.npmjs.org/compute-scroll-into-view cache-miss
251 http fetch GET 200 https://registry.npmjs.org/compute-scroll-into-view 4ms (cache stale)
252 silly packumentCache full:https://registry.npmjs.org/compute-scroll-into-view set size:144606 disposed:false
253 silly placeDep ROOT compute-scroll-into-view@3.1.1 OK for: scroll-into-view-if-needed@3.1.0 want: ^3.0.2
254 silly placeDep ROOT @vimeo/player@2.29.0 OK for: vimeo-video-element@1.5.1 want: 2.29.0
255 silly fetch manifest native-promise-only@0.8.1
256 silly packumentCache full:https://registry.npmjs.org/native-promise-only cache-miss
257 silly fetch manifest weakmap-polyfill@2.0.4
258 silly packumentCache full:https://registry.npmjs.org/weakmap-polyfill cache-miss
259 http fetch GET 200 https://registry.npmjs.org/native-promise-only 4ms (cache stale)
260 silly packumentCache full:https://registry.npmjs.org/native-promise-only set size:78628 disposed:false
261 http fetch GET 200 https://registry.npmjs.org/weakmap-polyfill 4ms (cache stale)
262 silly packumentCache full:https://registry.npmjs.org/weakmap-polyfill set size:20243 disposed:false
263 silly placeDep ROOT native-promise-only@0.8.1 OK for: @vimeo/player@2.29.0 want: 0.8.1
264 silly placeDep ROOT weakmap-polyfill@2.0.4 OK for: @vimeo/player@2.29.0 want: 2.0.4
265 silly placeDep ROOT super-media-element@1.4.2 OK for: wistia-video-element@1.3.2 want: ~1.4.2
266 silly reify moves {}
267 http cache super-media-element@https://registry.npmjs.org/super-media-element/-/super-media-element-1.4.2.tgz 0ms (cache hit)
268 http cache @vimeo/player@https://registry.npmjs.org/@vimeo/player/-/player-2.29.0.tgz 0ms (cache hit)
269 http cache weakmap-polyfill@https://registry.npmjs.org/weakmap-polyfill/-/weakmap-polyfill-2.0.4.tgz 0ms (cache hit)
270 http cache native-promise-only@https://registry.npmjs.org/native-promise-only/-/native-promise-only-0.8.1.tgz 0ms (cache hit)
271 http cache @vercel/edge@https://registry.npmjs.org/@vercel/edge/-/edge-1.2.2.tgz 0ms (cache hit)
272 http cache lie@https://registry.npmjs.org/lie/-/lie-3.1.1.tgz 0ms (cache hit)
273 http cache ce-la-react@https://registry.npmjs.org/ce-la-react/-/ce-la-react-0.3.0.tgz 0ms (cache hit)
274 http cache scroll-into-view-if-needed@https://registry.npmjs.org/scroll-into-view-if-needed/-/scroll-into-view-if-needed-3.1.0.tgz 0ms (cache hit)
275 http cache compute-scroll-into-view@https://registry.npmjs.org/compute-scroll-into-view/-/compute-scroll-into-view-3.1.1.tgz 0ms (cache hit)
276 http cache immediate@https://registry.npmjs.org/immediate/-/immediate-3.0.6.tgz 0ms (cache hit)
277 http cache is-decimal@https://registry.npmjs.org/is-decimal/-/is-decimal-2.0.1.tgz 0ms (cache hit)
278 http cache sax@https://registry.npmjs.org/sax/-/sax-1.2.1.tgz 0ms (cache hit)
279 http cache is-alphabetical@https://registry.npmjs.org/is-alphabetical/-/is-alphabetical-2.0.1.tgz 0ms (cache hit)
280 http cache localforage@https://registry.npmjs.org/localforage/-/localforage-1.10.0.tgz 0ms (cache hit)
281 http cache bcp-47@https://registry.npmjs.org/bcp-47/-/bcp-47-2.1.0.tgz 0ms (cache hit)
282 http cache is-alphanumerical@https://registry.npmjs.org/is-alphanumerical/-/is-alphanumerical-2.0.1.tgz 0ms (cache hit)
283 http cache imsc@https://registry.npmjs.org/imsc/-/imsc-1.1.5.tgz 0ms (cache hit)
284 http cache bcp-47-normalize@https://registry.npmjs.org/bcp-47-normalize/-/bcp-47-normalize-2.3.0.tgz 0ms (cache hit)
285 http cache bcp-47-match@https://registry.npmjs.org/bcp-47-match/-/bcp-47-match-2.0.3.tgz 0ms (cache hit)
286 http cache @svta/common-media-library@https://registry.npmjs.org/@svta/common-media-library/-/common-media-library-0.12.4.tgz 0ms (cache hit)
287 http cache dashjs@https://registry.npmjs.org/dashjs/-/dashjs-5.0.3.tgz 0ms (cache hit)
288 http cache codem-isoboxer@https://registry.npmjs.org/codem-isoboxer/-/codem-isoboxer-0.3.10.tgz 0ms (cache hit)
289 http cache mux-embed@https://registry.npmjs.org/mux-embed/-/mux-embed-5.9.0.tgz 0ms (cache hit)
290 http cache hls.js@https://registry.npmjs.org/hls.js/-/hls.js-1.5.20.tgz 0ms (cache hit)
291 http cache custom-media-element@https://registry.npmjs.org/custom-media-element/-/custom-media-element-1.4.5.tgz 0ms (cache hit)
292 http cache @mux/mux-video@https://registry.npmjs.org/@mux/mux-video/-/mux-video-0.26.0.tgz 0ms (cache hit)
293 http cache @mux/mux-data-google-ima@https://registry.npmjs.org/@mux/mux-data-google-ima/-/mux-data-google-ima-0.2.8.tgz 0ms (cache hit)
294 http cache media-tracks@https://registry.npmjs.org/media-tracks/-/media-tracks-0.3.3.tgz 0ms (cache hit)
295 http cache player.style@https://registry.npmjs.org/player.style/-/player.style-0.1.9.tgz 0ms (cache hit)
296 http cache @mux/playback-core@https://registry.npmjs.org/@mux/playback-core/-/playback-core-0.30.0.tgz 0ms (cache hit)
297 http cache castable-video@https://registry.npmjs.org/castable-video/-/castable-video-1.1.10.tgz 0ms (cache hit)
298 http cache @mux/mux-player@https://registry.npmjs.org/@mux/mux-player/-/mux-player-3.5.0.tgz 0ms (cache hit)
299 http cache media-chrome@https://registry.npmjs.org/media-chrome/-/media-chrome-4.11.1.tgz 0ms (cache hit)
300 http cache vimeo-video-element@https://registry.npmjs.org/vimeo-video-element/-/vimeo-video-element-1.5.1.tgz 0ms (cache hit)
301 http cache youtube-video-element@https://registry.npmjs.org/youtube-video-element/-/youtube-video-element-1.5.3.tgz 0ms (cache hit)
302 http cache wistia-video-element@https://registry.npmjs.org/wistia-video-element/-/wistia-video-element-1.3.2.tgz 0ms (cache hit)
303 http cache dash-video-element@https://registry.npmjs.org/dash-video-element/-/dash-video-element-0.1.5.tgz 0ms (cache hit)
304 http cache @mux/mux-player-react@https://registry.npmjs.org/@mux/mux-player-react/-/mux-player-react-3.5.0.tgz 0ms (cache hit)
305 http cache cloudflare-video-element@https://registry.npmjs.org/cloudflare-video-element/-/cloudflare-video-element-1.3.2.tgz 0ms (cache hit)
306 http cache smooth-scroll-into-view-if-needed@https://registry.npmjs.org/smooth-scroll-into-view-if-needed/-/smooth-scroll-into-view-if-needed-2.0.2.tgz 0ms (cache hit)
307 http cache swiper@https://registry.npmjs.org/swiper/-/swiper-11.2.9.tgz 0ms (cache hit)
308 http cache react-player@https://registry.npmjs.org/react-player/-/react-player-3.0.0.tgz 0ms (cache hit)
309 http cache react-lazyload@https://registry.npmjs.org/react-lazyload/-/react-lazyload-3.2.1.tgz 0ms (cache hit)
310 http cache hls.js@https://registry.npmjs.org/hls.js/-/hls.js-1.6.5.tgz 0ms (cache hit)
311 silly tarball no local data for super-media-element@https://registry.npmjs.org/super-media-element/-/super-media-element-1.4.2.tgz. Extracting by manifest.
312 http cache react-horizontal-scrolling-menu@https://registry.npmjs.org/react-horizontal-scrolling-menu/-/react-horizontal-scrolling-menu-8.2.0.tgz 0ms (cache hit)
313 http cache fuse.js@https://registry.npmjs.org/fuse.js/-/fuse.js-7.1.0.tgz 0ms (cache hit)
314 silly tarball no local data for @vimeo/player@https://registry.npmjs.org/@vimeo/player/-/player-2.29.0.tgz. Extracting by manifest.
315 http cache hls-video-element@https://registry.npmjs.org/hls-video-element/-/hls-video-element-1.5.5.tgz 0ms (cache hit)
316 silly tarball no local data for weakmap-polyfill@https://registry.npmjs.org/weakmap-polyfill/-/weakmap-polyfill-2.0.4.tgz. Extracting by manifest.
317 silly tarball no local data for native-promise-only@https://registry.npmjs.org/native-promise-only/-/native-promise-only-0.8.1.tgz. Extracting by manifest.
318 silly tarball no local data for @vercel/edge@https://registry.npmjs.org/@vercel/edge/-/edge-1.2.2.tgz. Extracting by manifest.
319 silly tarball no local data for lie@https://registry.npmjs.org/lie/-/lie-3.1.1.tgz. Extracting by manifest.
320 silly tarball no local data for ce-la-react@https://registry.npmjs.org/ce-la-react/-/ce-la-react-0.3.0.tgz. Extracting by manifest.
321 silly tarball no local data for scroll-into-view-if-needed@https://registry.npmjs.org/scroll-into-view-if-needed/-/scroll-into-view-if-needed-3.1.0.tgz. Extracting by manifest.
322 silly tarball no local data for compute-scroll-into-view@https://registry.npmjs.org/compute-scroll-into-view/-/compute-scroll-into-view-3.1.1.tgz. Extracting by manifest.
323 silly tarball no local data for immediate@https://registry.npmjs.org/immediate/-/immediate-3.0.6.tgz. Extracting by manifest.
324 silly tarball no local data for is-decimal@https://registry.npmjs.org/is-decimal/-/is-decimal-2.0.1.tgz. Extracting by manifest.
325 silly tarball no local data for sax@https://registry.npmjs.org/sax/-/sax-1.2.1.tgz. Extracting by manifest.
326 silly tarball no local data for is-alphabetical@https://registry.npmjs.org/is-alphabetical/-/is-alphabetical-2.0.1.tgz. Extracting by manifest.
327 silly tarball no local data for localforage@https://registry.npmjs.org/localforage/-/localforage-1.10.0.tgz. Extracting by manifest.
328 silly tarball no local data for bcp-47@https://registry.npmjs.org/bcp-47/-/bcp-47-2.1.0.tgz. Extracting by manifest.
329 silly tarball no local data for is-alphanumerical@https://registry.npmjs.org/is-alphanumerical/-/is-alphanumerical-2.0.1.tgz. Extracting by manifest.
330 silly tarball no local data for imsc@https://registry.npmjs.org/imsc/-/imsc-1.1.5.tgz. Extracting by manifest.
331 silly tarball no local data for bcp-47-normalize@https://registry.npmjs.org/bcp-47-normalize/-/bcp-47-normalize-2.3.0.tgz. Extracting by manifest.
332 silly tarball no local data for bcp-47-match@https://registry.npmjs.org/bcp-47-match/-/bcp-47-match-2.0.3.tgz. Extracting by manifest.
333 silly tarball no local data for @svta/common-media-library@https://registry.npmjs.org/@svta/common-media-library/-/common-media-library-0.12.4.tgz. Extracting by manifest.
334 silly tarball no local data for dashjs@https://registry.npmjs.org/dashjs/-/dashjs-5.0.3.tgz. Extracting by manifest.
335 silly tarball no local data for codem-isoboxer@https://registry.npmjs.org/codem-isoboxer/-/codem-isoboxer-0.3.10.tgz. Extracting by manifest.
336 silly tarball no local data for mux-embed@https://registry.npmjs.org/mux-embed/-/mux-embed-5.9.0.tgz. Extracting by manifest.
337 silly tarball no local data for hls.js@https://registry.npmjs.org/hls.js/-/hls.js-1.5.20.tgz. Extracting by manifest.
338 silly tarball no local data for custom-media-element@https://registry.npmjs.org/custom-media-element/-/custom-media-element-1.4.5.tgz. Extracting by manifest.
339 silly tarball no local data for @mux/mux-video@https://registry.npmjs.org/@mux/mux-video/-/mux-video-0.26.0.tgz. Extracting by manifest.
340 silly tarball no local data for @mux/mux-data-google-ima@https://registry.npmjs.org/@mux/mux-data-google-ima/-/mux-data-google-ima-0.2.8.tgz. Extracting by manifest.
341 silly tarball no local data for media-tracks@https://registry.npmjs.org/media-tracks/-/media-tracks-0.3.3.tgz. Extracting by manifest.
342 silly tarball no local data for player.style@https://registry.npmjs.org/player.style/-/player.style-0.1.9.tgz. Extracting by manifest.
343 silly tarball no local data for @mux/playback-core@https://registry.npmjs.org/@mux/playback-core/-/playback-core-0.30.0.tgz. Extracting by manifest.
344 silly tarball no local data for castable-video@https://registry.npmjs.org/castable-video/-/castable-video-1.1.10.tgz. Extracting by manifest.
345 silly tarball no local data for @mux/mux-player@https://registry.npmjs.org/@mux/mux-player/-/mux-player-3.5.0.tgz. Extracting by manifest.
346 silly tarball no local data for media-chrome@https://registry.npmjs.org/media-chrome/-/media-chrome-4.11.1.tgz. Extracting by manifest.
347 silly tarball no local data for vimeo-video-element@https://registry.npmjs.org/vimeo-video-element/-/vimeo-video-element-1.5.1.tgz. Extracting by manifest.
348 silly tarball no local data for youtube-video-element@https://registry.npmjs.org/youtube-video-element/-/youtube-video-element-1.5.3.tgz. Extracting by manifest.
349 silly tarball no local data for wistia-video-element@https://registry.npmjs.org/wistia-video-element/-/wistia-video-element-1.3.2.tgz. Extracting by manifest.
350 silly tarball no local data for dash-video-element@https://registry.npmjs.org/dash-video-element/-/dash-video-element-0.1.5.tgz. Extracting by manifest.
351 silly tarball no local data for @mux/mux-player-react@https://registry.npmjs.org/@mux/mux-player-react/-/mux-player-react-3.5.0.tgz. Extracting by manifest.
352 silly tarball no local data for cloudflare-video-element@https://registry.npmjs.org/cloudflare-video-element/-/cloudflare-video-element-1.3.2.tgz. Extracting by manifest.
353 silly tarball no local data for smooth-scroll-into-view-if-needed@https://registry.npmjs.org/smooth-scroll-into-view-if-needed/-/smooth-scroll-into-view-if-needed-2.0.2.tgz. Extracting by manifest.
354 silly tarball no local data for swiper@https://registry.npmjs.org/swiper/-/swiper-11.2.9.tgz. Extracting by manifest.
355 silly tarball no local data for react-player@https://registry.npmjs.org/react-player/-/react-player-3.0.0.tgz. Extracting by manifest.
356 silly tarball no local data for react-lazyload@https://registry.npmjs.org/react-lazyload/-/react-lazyload-3.2.1.tgz. Extracting by manifest.
357 silly tarball no local data for hls.js@https://registry.npmjs.org/hls.js/-/hls.js-1.6.5.tgz. Extracting by manifest.
358 silly tarball no local data for react-horizontal-scrolling-menu@https://registry.npmjs.org/react-horizontal-scrolling-menu/-/react-horizontal-scrolling-menu-8.2.0.tgz. Extracting by manifest.
359 silly tarball no local data for fuse.js@https://registry.npmjs.org/fuse.js/-/fuse.js-7.1.0.tgz. Extracting by manifest.
360 silly tarball no local data for hls-video-element@https://registry.npmjs.org/hls-video-element/-/hls-video-element-1.5.5.tgz. Extracting by manifest.
361 http fetch GET 200 https://registry.npmjs.org/is-decimal/-/is-decimal-2.0.1.tgz 204ms (cache miss)
362 http fetch GET 200 https://registry.npmjs.org/lie/-/lie-3.1.1.tgz 236ms (cache miss)
363 http fetch GET 200 https://registry.npmjs.org/sax/-/sax-1.2.1.tgz 238ms (cache miss)
364 http fetch GET 200 https://registry.npmjs.org/is-alphabetical/-/is-alphabetical-2.0.1.tgz 243ms (cache miss)
365 http fetch GET 200 https://registry.npmjs.org/is-alphanumerical/-/is-alphanumerical-2.0.1.tgz 244ms (cache miss)
366 http fetch GET 200 https://registry.npmjs.org/scroll-into-view-if-needed/-/scroll-into-view-if-needed-3.1.0.tgz 251ms (cache miss)
367 http fetch GET 200 https://registry.npmjs.org/ce-la-react/-/ce-la-react-0.3.0.tgz 264ms (cache miss)
368 http fetch GET 200 https://registry.npmjs.org/immediate/-/immediate-3.0.6.tgz 266ms (cache miss)
369 http fetch GET 200 https://registry.npmjs.org/compute-scroll-into-view/-/compute-scroll-into-view-3.1.1.tgz 268ms (cache miss)
370 http fetch GET 200 https://registry.npmjs.org/native-promise-only/-/native-promise-only-0.8.1.tgz 273ms (cache miss)
371 http fetch GET 200 https://registry.npmjs.org/bcp-47-match/-/bcp-47-match-2.0.3.tgz 269ms (cache miss)
372 http fetch GET 200 https://registry.npmjs.org/imsc/-/imsc-1.1.5.tgz 306ms (cache miss)
373 http fetch GET 200 https://registry.npmjs.org/localforage/-/localforage-1.10.0.tgz 310ms (cache miss)
374 http fetch GET 200 https://registry.npmjs.org/super-media-element/-/super-media-element-1.4.2.tgz 549ms (cache miss)
375 http fetch GET 200 https://registry.npmjs.org/bcp-47/-/bcp-47-2.1.0.tgz 562ms (cache miss)
376 http fetch GET 200 https://registry.npmjs.org/weakmap-polyfill/-/weakmap-polyfill-2.0.4.tgz 601ms (cache miss)
377 http fetch GET 200 https://registry.npmjs.org/mux-embed/-/mux-embed-5.9.0.tgz 688ms (cache miss)
378 http fetch GET 200 https://registry.npmjs.org/custom-media-element/-/custom-media-element-1.4.5.tgz 692ms (cache miss)
379 http fetch GET 200 https://registry.npmjs.org/codem-isoboxer/-/codem-isoboxer-0.3.10.tgz 698ms (cache miss)
380 http fetch GET 200 https://registry.npmjs.org/media-tracks/-/media-tracks-0.3.3.tgz 697ms (cache miss)
381 http fetch GET 200 https://registry.npmjs.org/bcp-47-normalize/-/bcp-47-normalize-2.3.0.tgz 734ms (cache miss)
382 http fetch GET 200 https://registry.npmjs.org/castable-video/-/castable-video-1.1.10.tgz 1041ms (cache miss)
383 http fetch GET 200 https://registry.npmjs.org/youtube-video-element/-/youtube-video-element-1.5.3.tgz 1153ms (cache miss)
384 http fetch GET 200 https://registry.npmjs.org/vimeo-video-element/-/vimeo-video-element-1.5.1.tgz 1157ms (cache miss)
385 http fetch GET 200 https://registry.npmjs.org/@vimeo/player/-/player-2.29.0.tgz 1193ms (cache miss)
386 http fetch GET 200 https://registry.npmjs.org/@mux/mux-data-google-ima/-/mux-data-google-ima-0.2.8.tgz 1262ms (cache miss)
387 http fetch GET 200 https://registry.npmjs.org/@vercel/edge/-/edge-1.2.2.tgz 1324ms (cache miss)
388 http fetch GET 200 https://registry.npmjs.org/dash-video-element/-/dash-video-element-0.1.5.tgz 1510ms (cache miss)
389 http fetch GET 200 https://registry.npmjs.org/smooth-scroll-into-view-if-needed/-/smooth-scroll-into-view-if-needed-2.0.2.tgz 1561ms (cache miss)
390 http fetch GET 200 https://registry.npmjs.org/cloudflare-video-element/-/cloudflare-video-element-1.3.2.tgz 1598ms (cache miss)
391 http fetch GET 200 https://registry.npmjs.org/react-player/-/react-player-3.0.0.tgz 1744ms (cache miss)
392 http fetch GET 200 https://registry.npmjs.org/react-lazyload/-/react-lazyload-3.2.1.tgz 1929ms (cache miss)
393 http fetch GET 200 https://registry.npmjs.org/wistia-video-element/-/wistia-video-element-1.3.2.tgz 1980ms (cache miss)
394 http fetch GET 200 https://registry.npmjs.org/fuse.js/-/fuse.js-7.1.0.tgz 1965ms (cache miss)
395 http fetch GET 200 https://registry.npmjs.org/react-horizontal-scrolling-menu/-/react-horizontal-scrolling-menu-8.2.0.tgz 2044ms (cache miss)
396 http fetch GET 200 https://registry.npmjs.org/swiper/-/swiper-11.2.9.tgz 2362ms (cache miss)
397 http fetch GET 200 https://registry.npmjs.org/hls-video-element/-/hls-video-element-1.5.5.tgz 2326ms (cache miss)
398 http fetch GET 200 https://registry.npmjs.org/@mux/mux-player-react/-/mux-player-react-3.5.0.tgz 2435ms (cache miss)
399 http fetch GET 200 https://registry.npmjs.org/media-chrome/-/media-chrome-4.11.1.tgz 2868ms (cache miss)
400 http fetch GET 200 https://registry.npmjs.org/@svta/common-media-library/-/common-media-library-0.12.4.tgz 4262ms (cache miss)
401 http fetch GET 200 https://registry.npmjs.org/@mux/playback-core/-/playback-core-0.30.0.tgz 4729ms (cache miss)
402 http fetch GET 200 https://registry.npmjs.org/hls.js/-/hls.js-1.5.20.tgz 6400ms (cache miss)
403 http fetch GET 200 https://registry.npmjs.org/dashjs/-/dashjs-5.0.3.tgz 7308ms (cache miss)
404 http fetch GET 200 https://registry.npmjs.org/hls.js/-/hls.js-1.6.5.tgz 8611ms (cache miss)
405 http fetch GET 200 https://registry.npmjs.org/player.style/-/player.style-0.1.9.tgz 8799ms (cache miss)
406 http fetch GET 200 https://registry.npmjs.org/@mux/mux-player/-/mux-player-3.5.0.tgz 9017ms (cache miss)
407 http fetch GET 200 https://registry.npmjs.org/@mux/mux-video/-/mux-video-0.26.0.tgz 9044ms (cache miss)
408 silly ADD node_modules/super-media-element
409 silly ADD node_modules/weakmap-polyfill
410 silly ADD node_modules/native-promise-only
411 silly ADD node_modules/@vimeo/player
412 silly ADD node_modules/compute-scroll-into-view
413 silly ADD node_modules/scroll-into-view-if-needed
414 silly ADD node_modules/ce-la-react
415 silly ADD node_modules/@vercel/edge
416 silly ADD node_modules/immediate
417 silly ADD node_modules/lie
418 silly ADD node_modules/sax
419 silly ADD node_modules/is-decimal
420 silly ADD node_modules/is-alphanumerical
421 silly ADD node_modules/is-alphabetical
422 silly ADD node_modules/bcp-47
423 silly ADD node_modules/localforage
424 silly ADD node_modules/imsc
425 silly ADD node_modules/codem-isoboxer
426 silly ADD node_modules/bcp-47-normalize
427 silly ADD node_modules/bcp-47-match
428 silly ADD node_modules/@svta/common-media-library
429 silly ADD node_modules/dashjs
430 silly ADD node_modules/hls.js
431 silly ADD node_modules/mux-embed
432 silly ADD node_modules/media-tracks
433 silly ADD node_modules/custom-media-element
434 silly ADD node_modules/castable-video
435 silly ADD node_modules/@mux/mux-data-google-ima
436 silly ADD node_modules/player.style
437 silly ADD node_modules/media-chrome
438 silly ADD node_modules/@mux/mux-video
439 silly ADD node_modules/@mux/playback-core
440 silly ADD node_modules/@mux/mux-player
441 silly ADD node_modules/youtube-video-element
442 silly ADD node_modules/wistia-video-element
443 silly ADD node_modules/vimeo-video-element
444 silly ADD node_modules/hls-video-element
445 silly ADD node_modules/hls-video-element/node_modules/hls.js
446 silly ADD node_modules/dash-video-element
447 silly ADD node_modules/cloudflare-video-element
448 silly ADD node_modules/@mux/mux-player-react
449 silly ADD node_modules/smooth-scroll-into-view-if-needed
450 silly ADD node_modules/swiper
451 silly ADD node_modules/react-player
452 silly ADD node_modules/react-lazyload
453 silly ADD node_modules/react-horizontal-scrolling-menu
454 silly ADD node_modules/fuse.js
455 verbose cwd F:\ehb next.js 04
456 verbose os Windows_NT 10.0.26100
457 verbose node v24.2.0
458 verbose npm  v11.4.2
459 verbose exit 0
460 info ok
