0 verbose cli C:\Program Files\nodejs\node.exe C:\Program Files\nodejs\node_modules\npm\bin\npm-cli.js
1 info using npm@11.3.0
2 info using node@v24.2.0
3 silly config load:file:C:\Program Files\nodejs\node_modules\npm\npmrc
4 silly config load:file:F:\ehb next.js 04\.npmrc
5 silly config load:file:C:\Users\PC\.npmrc
6 silly config load:file:C:\Users\PC\AppData\Roaming\npm\etc\npmrc
7 verbose title npm install @typescript-eslint/parser@latest
8 verbose argv "install" "@typescript-eslint/parser@latest" "--save-dev"
9 verbose logfile logs-max:10 dir:F:\ehb next.js 04\.npm-cache\_logs\2025-06-20T18_56_13_880Z-
10 verbose logfile F:\ehb next.js 04\.npm-cache\_logs\2025-06-20T18_56_13_880Z-debug-0.log
11 silly logfile start cleaning logs, removing 1 files
12 silly packumentCache heap:4496293888 maxSize:1124073472 maxEntrySize:562036736
13 silly logfile done cleaning log files
14 silly packumentCache corgi:https://registry.npmjs.org/@typescript-eslint%2fparser cache-miss
15 http fetch GET 200 https://registry.npmjs.org/@typescript-eslint%2fparser 1830ms (cache miss)
16 silly packumentCache corgi:https://registry.npmjs.org/@typescript-eslint%2fparser set size:undefined disposed:false
17 silly idealTree buildDeps
18 silly fetch manifest @typescript-eslint/parser@8.34.1
19 silly packumentCache full:https://registry.npmjs.org/@typescript-eslint%2fparser cache-miss
20 http fetch GET 200 https://registry.npmjs.org/@typescript-eslint%2fparser 635ms (cache miss)
21 silly packumentCache full:https://registry.npmjs.org/@typescript-eslint%2fparser set size:undefined disposed:false
22 silly placeDep ROOT @typescript-eslint/parser@8.34.1 OK for: ehb-next-js-04@1.0.0 want: 8.34.1
23 silly reify moves {}
24 http cache @typescript-eslint/parser@https://registry.npmjs.org/@typescript-eslint/parser/-/parser-8.34.1.tgz 0ms (cache hit)
25 silly tarball no local data for @typescript-eslint/parser@https://registry.npmjs.org/@typescript-eslint/parser/-/parser-8.34.1.tgz. Extracting by manifest.
26 http fetch GET 200 https://registry.npmjs.org/@typescript-eslint/parser/-/parser-8.34.1.tgz 152ms (cache miss)
27 silly ADD node_modules/@typescript-eslint/parser
28 verbose cwd F:\ehb next.js 04
29 verbose os Windows_NT 10.0.26100
30 verbose node v24.2.0
31 verbose npm  v11.3.0
32 verbose exit 0
33 info ok
