0 verbose cli C:\Program Files\nodejs\node.exe C:\Program Files\nodejs\node_modules\npm\bin\npm-cli.js
1 info using npm@11.3.0
2 info using node@v24.2.0
3 silly config load:file:C:\Program Files\nodejs\node_modules\npm\npmrc
4 silly config load:file:F:\ehb next.js 04\.npmrc
5 silly config load:file:C:\Users\PC\.npmrc
6 silly config load:file:C:\Users\PC\AppData\Roaming\npm\etc\npmrc
7 verbose title npm install chokidar
8 verbose argv "install" "chokidar" "--save"
9 verbose logfile logs-max:10 dir:F:\ehb next.js 04\.npm-cache\_logs\2025-06-20T19_42_56_236Z-
10 verbose logfile F:\ehb next.js 04\.npm-cache\_logs\2025-06-20T19_42_56_236Z-debug-0.log
11 silly logfile start cleaning logs, removing 1 files
12 silly packumentCache heap:4496293888 maxSize:1124073472 maxEntrySize:562036736
13 silly logfile done cleaning log files
14 silly idealTree buildDeps
15 silly fetch manifest chokidar@^4.0.3
16 silly packumentCache full:https://registry.npmjs.org/chokidar cache-miss
17 http fetch GET 200 https://registry.npmjs.org/chokidar 504ms (cache stale)
18 silly packumentCache full:https://registry.npmjs.org/chokidar set size:253451 disposed:false
19 silly placeDep ROOT chokidar@4.0.3 REPLACE for: ehb-next-js-04@1.0.0 want: ^4.0.3
20 silly reify moves {}
21 verbose cwd F:\ehb next.js 04
22 verbose os Windows_NT 10.0.26100
23 verbose node v24.2.0
24 verbose npm  v11.3.0
25 verbose exit 0
26 info ok
