[2025-06-20T18:39:03.668Z] 🚀 EHB Auto Page Opener is running...
[2025-06-20T18:39:03.671Z] Watching for changes in `app` and `pages` directories...
[2025-06-20T18:44:07.003Z] New page detected: app\roadmap-agent\page.tsx
[2025-06-20T18:44:08.007Z] File changed: app\roadmap-agent\page.tsx
[2025-06-20T18:44:08.008Z] Attempting to open URL: http://localhost:3000/roadmap-agent
[2025-06-20T18:44:08.097Z] Successfully opened http://localhost:3000/roadmap-agent in browser.
[2025-06-20T18:44:13.556Z] File changed: app\roadmap-agent\page.tsx
[2025-06-20T18:44:13.556Z] Attempting to open URL: http://localhost:3000/roadmap-agent
[2025-06-20T18:44:13.632Z] Successfully opened http://localhost:3000/roadmap-agent in browser.
[2025-06-20T18:50:28.876Z] File changed: app\roadmap-agent\page.tsx
[2025-06-20T18:50:28.877Z] Attempting to open URL: http://localhost:3000/roadmap-agent
[2025-06-20T18:50:28.939Z] Successfully opened http://localhost:3000/roadmap-agent in browser.
[2025-06-20T18:50:41.593Z] File changed: app\roadmap-agent\page.tsx
[2025-06-20T18:50:41.594Z] Attempting to open URL: http://localhost:3000/roadmap-agent
[2025-06-20T18:50:41.653Z] Successfully opened http://localhost:3000/roadmap-agent in browser.
[2025-06-20T18:55:44.452Z] File changed: app\gosellr\page.tsx
[2025-06-20T18:55:44.452Z] Attempting to open URL: http://localhost:3000/gosellr
[2025-06-20T18:55:44.520Z] Successfully opened http://localhost:3000/gosellr in browser.
[2025-06-20T18:55:54.520Z] File changed: app\gosellr\page.tsx
[2025-06-20T18:55:54.521Z] Attempting to open URL: http://localhost:3000/gosellr
[2025-06-20T18:55:54.577Z] Successfully opened http://localhost:3000/gosellr in browser.
[2025-06-20T18:59:43.325Z] File changed: app\roadmap\page.tsx
[2025-06-20T18:59:43.326Z] Attempting to open URL: http://localhost:3000/roadmap
[2025-06-20T18:59:43.390Z] Successfully opened http://localhost:3000/roadmap in browser.
[2025-06-20T19:02:13.050Z] File changed: app\wallet\page.tsx
[2025-06-20T19:02:13.051Z] Attempting to open URL: http://localhost:3000/wallet
[2025-06-20T19:02:13.111Z] Successfully opened http://localhost:3000/wallet in browser.
[2025-06-20T19:02:34.716Z] File changed: app\wallet\page.tsx
[2025-06-20T19:02:34.716Z] Attempting to open URL: http://localhost:3000/wallet
[2025-06-20T19:02:34.772Z] Successfully opened http://localhost:3000/wallet in browser.
[2025-06-20T19:03:42.296Z] File changed: app\wallet\page.tsx
[2025-06-20T19:03:42.297Z] Attempting to open URL: http://localhost:3000/wallet
[2025-06-20T19:03:42.379Z] Successfully opened http://localhost:3000/wallet in browser.
[2025-06-20T19:13:00.313Z] 🚀 EHB Auto Page Opener is running...
[2025-06-20T19:13:00.315Z] Watching for changes in `app` and `pages` directories...
[2025-06-20T19:23:31.855Z] File changed: app\edr\page.tsx
[2025-06-20T19:23:31.856Z] Attempting to open URL: http://localhost:3000/edr
[2025-06-20T19:23:31.872Z] File changed: app\edr\page.tsx
[2025-06-20T19:23:31.872Z] Attempting to open URL: http://localhost:3000/edr
[2025-06-20T19:23:31.938Z] Successfully opened http://localhost:3000/edr in browser.
[2025-06-20T19:23:31.950Z] Successfully opened http://localhost:3000/edr in browser.
[2025-06-20T19:27:10.421Z] File changed: app\development-portal\page.tsx
[2025-06-20T19:27:10.422Z] Attempting to open URL: http://localhost:3000/development-portal
[2025-06-20T19:27:10.499Z] Successfully opened http://localhost:3000/development-portal in browser.
[2025-06-20T19:29:31.694Z] File changed: app\roadmap-agent\page.tsx
[2025-06-20T19:29:31.695Z] Attempting to open URL: http://localhost:3000/roadmap-agent
[2025-06-20T19:29:31.763Z] Successfully opened http://localhost:3000/roadmap-agent in browser.
[2025-06-20T19:32:06.105Z] New page detected: app\roadmap-agent\page.tsx
[2025-06-20T19:32:07.111Z] File changed: app\roadmap-agent\page.tsx
[2025-06-20T19:32:07.112Z] Attempting to open URL: http://localhost:3000/roadmap-agent
[2025-06-20T19:32:07.189Z] Successfully opened http://localhost:3000/roadmap-agent in browser.
[2025-06-20T19:32:13.088Z] File changed: app\roadmap-agent\page.tsx
[2025-06-20T19:32:13.089Z] Attempting to open URL: http://localhost:3000/roadmap-agent
[2025-06-20T19:32:13.147Z] Successfully opened http://localhost:3000/roadmap-agent in browser.
