[2025-06-19T19:57:37.958Z] ðŸŽ¯ Port 5500 Guardian Started
[2025-06-19T19:57:37.961Z] ðŸ“ Project Root: F:\ehb next.js 04
[2025-06-19T19:57:37.962Z] ðŸ”§ Port: 5500
[2025-06-19T19:57:37.962Z] â±ï¸ Check Interval: 5000ms
[2025-06-19T19:57:37.963Z] ðŸ”„ Max Restarts: 10
[2025-06-19T19:57:37.963Z] ðŸ” Starting Port 5500 Guardian Monitor...
[2025-06-19T19:57:37.963Z] ðŸš€ Starting Next.js server on port 5500...
[2025-06-19T19:57:41.079Z] âœ… Port 5500 cleared
[2025-06-19T19:57:41.344Z] ðŸ“¤ Server Output: > ehb-next@1.0.0 dev:5500
> next dev -p 5500
[2025-06-19T19:57:42.018Z] ðŸ“¤ Server Output: â–² Next.js 14.2.30
[2025-06-19T19:57:42.018Z] ðŸ“¤ Server Output: - Local:        http://localhost:5500
  - Environments: .env.local, .env
  - Experiments (use with caution):
    Â· optimizeCss

 âœ“ Starting...
[2025-06-19T19:57:42.019Z] âœ… Server successfully started on port 5500
[2025-06-19T19:57:44.037Z] ðŸ“¤ Server Output: âœ“ Ready in 2.1s
[2025-06-19T19:57:44.038Z] âœ… Server successfully started on port 5500
[2025-06-19T20:00:01.297Z] ðŸ”„ Starting auto Git push...
[2025-06-19T20:00:01.485Z] âœ… Added all changes to Git
[2025-06-19T20:00:01.595Z] âœ… Committed changes
[2025-06-19T20:00:04.036Z] âœ… Pushed to remote repository
[2025-06-19T20:07:09.006Z] ðŸ“¤ Server Output: [?25h
[2025-06-19T20:07:09.007Z] ðŸ“¤ Server Output: 
[2025-06-19T20:07:09.040Z] âš ï¸ Server process closed with code 0
[2025-06-19T20:07:09.040Z] ðŸ”„ Restarting server... (Attempt 2/10)
[2025-06-19T20:07:11.043Z] ðŸš€ Starting Next.js server on port 5500...
[2025-06-19T20:07:11.894Z] âœ… Port 5500 is active but process flag is wrong, fixing...
[2025-06-19T20:07:14.009Z] âœ… Port 5500 cleared
[2025-06-19T20:07:14.253Z] ðŸ“¤ Server Output: > ehb-next@1.0.0 dev:5500
> next dev -p 5500
[2025-06-19T20:07:14.893Z] ðŸ“¤ Server Output: â–² Next.js 14.2.30
[2025-06-19T20:07:14.894Z] ðŸ“¤ Server Output: - Local:        http://localhost:5500
  - Environments: .env.local, .env
  - Experiments (use with caution):
    Â· optimizeCss

 âœ“ Starting...
[2025-06-19T20:07:14.895Z] âœ… Server successfully started on port 5500
[2025-06-19T20:07:17.591Z] ðŸ“¤ Server Output: âœ“ Ready in 2.8s
[2025-06-19T20:07:17.591Z] âœ… Server successfully started on port 5500
[2025-06-19T20:10:02.202Z] ðŸ”„ Starting auto Git push...
[2025-06-19T20:10:02.364Z] âœ… Added all changes to Git
[2025-06-19T20:10:02.476Z] âœ… Committed changes
[2025-06-19T20:10:04.910Z] âœ… Pushed to remote repository
[2025-06-19T20:20:03.159Z] ðŸ”„ Starting auto Git push...
[2025-06-19T20:20:03.681Z] âœ… Added all changes to Git
[2025-06-19T20:20:04.074Z] âœ… Committed changes
[2025-06-19T20:20:06.559Z] âœ… Pushed to remote repository
[2025-06-19T20:25:25.355Z] ðŸ“¤ Server Output: âœ“ Compiled /middleware in 159ms (72 modules)
[2025-06-19T20:25:25.954Z] ðŸ“¤ Server Output: â—‹ Compiling /_not-found ...
[2025-06-19T20:25:29.836Z] ðŸ“¤ Server Output: âœ“ Compiled /_not-found in 4.4s (522 modules)
[2025-06-19T20:25:29.980Z] ðŸ“¤ Server Output: POST /api/auth/callback/credentials 404 in 4552ms
[2025-06-19T20:25:51.167Z] ðŸ“¤ Server Output: Reload env: .env.development
[2025-06-19T20:25:51.627Z] ðŸ“¤ Server Output: âœ“ Compiled in 454ms (585 modules)
[2025-06-19T20:28:15.699Z] ðŸ“¤ Server Output: POST /api/auth/callback/credentials 404 in 88ms
